Watching for file changes with StatReloader
"GET / HTTP/1.1" 200 7339
"GET /static/images/slide1.jpg HTTP/1.1" 304 0
"GET /static/images/dashboard.png HTTP/1.1" 404 1874
"GET /static/images/chart-preview.png HTTP/1.1" 404 1886
Not Found: /favicon.ico
"GET /favicon.ico HTTP/1.1" 404 3911
"GET / HTTP/1.1" 200 7339
"GET /static/images/dashboard.png HTTP/1.1" 404 1874
"GET /static/images/chart-preview.png HTTP/1.1" 404 1886
D:\ALL SEMESTERS\Year two\Year2 Recess\Final_Project\soils-sense\apps\technician\urls.py changed, reloading.
Watching for file changes with StatReloader
"GET / HTTP/1.1" 200 9417
"GET /static/images/dashboard.png HTTP/1.1" 404 1874
"GET /static/images/chart-preview.png HTTP/1.1" 404 1886
"GET /static/images/slide2.jpg HTTP/1.1" 304 0
"GET /authentication/login/ HTTP/1.1" 200 2781
"GET /static/images/logo.webp HTTP/1.1" 304 0
"GET /authentication/signup/ HTTP/1.1" 200 4073
"GET /static/images/slide3.jpg HTTP/1.1" 304 0
"GET /contact/ HTTP/1.1" 200 4406
"GET /about/ HTTP/1.1" 200 4611
"GET /authentication/login/ HTTP/1.1" 200 2781
"GET /authentication/signup/ HTTP/1.1" 200 4073
Not Found: /terms
"GET /terms HTTP/1.1" 404 3893
Not Found: /privacy
"GET /privacy HTTP/1.1" 404 3899
"GET /about/ HTTP/1.1" 200 4611
"GET /about/ HTTP/1.1" 200 4611
"GET /static/images/slide2.jpg HTTP/1.1" 304 0
"GET /static/images/slide3.jpg HTTP/1.1" 304 0
"GET / HTTP/1.1" 200 9417
"GET /static/images/slide1.jpg HTTP/1.1" 304 0
"GET /static/images/dashboard.png HTTP/1.1" 404 1874
"GET /static/images/chart-preview.png HTTP/1.1" 404 1886
Watching for file changes with StatReloader
"GET / HTTP/1.1" 200 9417
"GET /static/images/dashboard.png HTTP/1.1" 404 1874
"GET /static/images/slide1.jpg HTTP/1.1" 200 100505
"GET /static/images/chart-preview.png HTTP/1.1" 404 1886
Not Found: /favicon.ico
"GET /favicon.ico HTTP/1.1" 404 3911
"GET /static/images/slide2.jpg HTTP/1.1" 200 63357
"GET /authentication/login/ HTTP/1.1" 200 2781
"GET /static/images/logo.webp HTTP/1.1" 304 0
"GET /authentication/signup/ HTTP/1.1" 200 4073
"GET /static/images/slide3.jpg HTTP/1.1" 200 174027
D:\ALL SEMESTERS\Year two\Year2 Recess\Final_Project\soils-sense\apps\farmer\models.py changed, reloading.
Watching for file changes with StatReloader
"GET / HTTP/1.1" 200 9417
"GET /static/images/dashboard.png HTTP/1.1" 404 1874
"GET /static/images/chart-preview.png HTTP/1.1" 404 1886
"GET / HTTP/1.1" 200 9417
"GET /static/images/dashboard.png HTTP/1.1" 404 1874
"GET /static/images/chart-preview.png HTTP/1.1" 404 1886
"GET / HTTP/1.1" 200 9417
"GET /static/images/dashboard.png HTTP/1.1" 404 1874
"GET /static/images/chart-preview.png HTTP/1.1" 404 1886
"GET /authentication/signup/ HTTP/1.1" 200 4073
"GET /about HTTP/1.1" 301 0
"GET /about/ HTTP/1.1" 200 4611
"GET /contact/ HTTP/1.1" 200 4406
"GET /contact/ HTTP/1.1" 200 4406
"GET /contact/ HTTP/1.1" 200 4406
"GET /about/ HTTP/1.1" 200 4611
"GET /admin/ HTTP/1.1" 302 0
"GET /admin/login/?next=/admin/ HTTP/1.1" 200 3065
"GET /static/jazzmin/css/main.css HTTP/1.1" 200 16969
"GET /static/vendor/fontawesome-free/css/all.min.css HTTP/1.1" 200 103009
"GET /static/vendor/adminlte/css/adminlte.min.css HTTP/1.1" 200 1382975
"GET /static/vendor/adminlte/img/AdminLTELogo.png HTTP/1.1" 200 2637
"GET /static/vendor/adminlte/js/adminlte.min.js HTTP/1.1" 200 44244
"GET /static/vendor/adminlte/js/adminlte.min.js HTTP/1.1" 200 44244
"GET /static/vendor/bootstrap/js/bootstrap.min.js HTTP/1.1" 200 62440
"GET /static/admin/js/vendor/jquery/jquery.js HTTP/1.1" 200 285314
"GET /static/vendor/bootstrap/js/bootstrap.min.js HTTP/1.1" 200 62440
"GET /static/admin/js/vendor/jquery/jquery.js HTTP/1.1" 200 285314
"GET /static/vendor/fontawesome-free/webfonts/fa-solid-900.woff2 HTTP/1.1" 200 156400
Watching for file changes with StatReloader
"GET / HTTP/1.1" 200 9417
"GET /static/images/slide1.jpg HTTP/1.1" 304 0
"GET /static/images/dashboard.png HTTP/1.1" 404 1874
"GET /static/images/chart-preview.png HTTP/1.1" 404 1886
Not Found: /favicon.ico
"GET /favicon.ico HTTP/1.1" 404 3911
"GET /static/images/slide2.jpg HTTP/1.1" 304 0
"GET /static/images/slide3.jpg HTTP/1.1" 304 0
"GET /authentication/login/ HTTP/1.1" 200 2781
"GET /static/images/logo.webp HTTP/1.1" 304 0
"GET /authentication/signup/ HTTP/1.1" 200 4073
"POST /authentication/signup/ HTTP/1.1" 200 4425
"POST /authentication/signup/ HTTP/1.1" 302 0
"GET /authentication/login/ HTTP/1.1" 200 2904
"POST /authentication/login/ HTTP/1.1" 302 0
Internal Server Error: /technician/dashboard/
Traceback (most recent call last):
  File "D:\ALL SEMESTERS\Year two\Year2 Recess\Final_Project\soils-sense\.venv\Lib\site-packages\django\db\backends\utils.py", line 105, in _execute
    return self.cursor.execute(sql, params)
           ^^^^^^^^^^^^^^^^^^^^^^^^^^^^^^^^
  File "D:\ALL SEMESTERS\Year two\Year2 Recess\Final_Project\soils-sense\.venv\Lib\site-packages\django\db\backends\sqlite3\base.py", line 360, in execute
    return super().execute(query, params)
           ^^^^^^^^^^^^^^^^^^^^^^^^^^^^^^
sqlite3.OperationalError: no such table: farmer_farm

The above exception was the direct cause of the following exception:

Traceback (most recent call last):
  File "D:\ALL SEMESTERS\Year two\Year2 Recess\Final_Project\soils-sense\.venv\Lib\site-packages\django\core\handlers\exception.py", line 55, in inner
    response = get_response(request)
               ^^^^^^^^^^^^^^^^^^^^^
  File "D:\ALL SEMESTERS\Year two\Year2 Recess\Final_Project\soils-sense\.venv\Lib\site-packages\django\core\handlers\base.py", line 197, in _get_response
    response = wrapped_callback(request, *callback_args, **callback_kwargs)
               ^^^^^^^^^^^^^^^^^^^^^^^^^^^^^^^^^^^^^^^^^^^^^^^^^^^^^^^^^^^^
  File "D:\ALL SEMESTERS\Year two\Year2 Recess\Final_Project\soils-sense\apps\technician\views.py", line 37, in dashboard
    farm_count = Farm.objects.count()
                 ^^^^^^^^^^^^^^^^^^^^
  File "D:\ALL SEMESTERS\Year two\Year2 Recess\Final_Project\soils-sense\.venv\Lib\site-packages\django\db\models\manager.py", line 87, in manager_method
    return getattr(self.get_queryset(), name)(*args, **kwargs)
           ^^^^^^^^^^^^^^^^^^^^^^^^^^^^^^^^^^^^^^^^^^^^^^^^^^^
  File "D:\ALL SEMESTERS\Year two\Year2 Recess\Final_Project\soils-sense\.venv\Lib\site-packages\django\db\models\query.py", line 604, in count
    return self.query.get_count(using=self.db)
           ^^^^^^^^^^^^^^^^^^^^^^^^^^^^^^^^^^^
  File "D:\ALL SEMESTERS\Year two\Year2 Recess\Final_Project\soils-sense\.venv\Lib\site-packages\django\db\models\sql\query.py", line 644, in get_count
    return obj.get_aggregation(using, {"__count": Count("*")})["__count"]
           ^^^^^^^^^^^^^^^^^^^^^^^^^^^^^^^^^^^^^^^^^^^^^^^^^^^
  File "D:\ALL SEMESTERS\Year two\Year2 Recess\Final_Project\soils-sense\.venv\Lib\site-packages\django\db\models\sql\query.py", line 626, in get_aggregation
    result = compiler.execute_sql(SINGLE)
             ^^^^^^^^^^^^^^^^^^^^^^^^^^^^
  File "D:\ALL SEMESTERS\Year two\Year2 Recess\Final_Project\soils-sense\.venv\Lib\site-packages\django\db\models\sql\compiler.py", line 1623, in execute_sql
    cursor.execute(sql, params)
  File "D:\ALL SEMESTERS\Year two\Year2 Recess\Final_Project\soils-sense\.venv\Lib\site-packages\django\db\backends\utils.py", line 122, in execute
    return super().execute(sql, params)
           ^^^^^^^^^^^^^^^^^^^^^^^^^^^^
  File "D:\ALL SEMESTERS\Year two\Year2 Recess\Final_Project\soils-sense\.venv\Lib\site-packages\django\db\backends\utils.py", line 79, in execute
    return self._execute_with_wrappers(
           ^^^^^^^^^^^^^^^^^^^^^^^^^^^^
  File "D:\ALL SEMESTERS\Year two\Year2 Recess\Final_Project\soils-sense\.venv\Lib\site-packages\django\db\backends\utils.py", line 92, in _execute_with_wrappers
    return executor(sql, params, many, context)
           ^^^^^^^^^^^^^^^^^^^^^^^^^^^^^^^^^^^^
  File "D:\ALL SEMESTERS\Year two\Year2 Recess\Final_Project\soils-sense\.venv\Lib\site-packages\django\db\backends\utils.py", line 100, in _execute
    with self.db.wrap_database_errors:
  File "D:\ALL SEMESTERS\Year two\Year2 Recess\Final_Project\soils-sense\.venv\Lib\site-packages\django\db\utils.py", line 91, in __exit__
    raise dj_exc_value.with_traceback(traceback) from exc_value
  File "D:\ALL SEMESTERS\Year two\Year2 Recess\Final_Project\soils-sense\.venv\Lib\site-packages\django\db\backends\utils.py", line 105, in _execute
    return self.cursor.execute(sql, params)
           ^^^^^^^^^^^^^^^^^^^^^^^^^^^^^^^^
  File "D:\ALL SEMESTERS\Year two\Year2 Recess\Final_Project\soils-sense\.venv\Lib\site-packages\django\db\backends\sqlite3\base.py", line 360, in execute
    return super().execute(query, params)
           ^^^^^^^^^^^^^^^^^^^^^^^^^^^^^^
django.db.utils.OperationalError: no such table: farmer_farm
"GET /technician/dashboard/ HTTP/1.1" 500 140534
Internal Server Error: /technician/dashboard/
Traceback (most recent call last):
  File "D:\ALL SEMESTERS\Year two\Year2 Recess\Final_Project\soils-sense\.venv\Lib\site-packages\django\db\backends\utils.py", line 105, in _execute
    return self.cursor.execute(sql, params)
           ^^^^^^^^^^^^^^^^^^^^^^^^^^^^^^^^
  File "D:\ALL SEMESTERS\Year two\Year2 Recess\Final_Project\soils-sense\.venv\Lib\site-packages\django\db\backends\sqlite3\base.py", line 360, in execute
    return super().execute(query, params)
           ^^^^^^^^^^^^^^^^^^^^^^^^^^^^^^
sqlite3.OperationalError: no such table: farmer_farm

The above exception was the direct cause of the following exception:

Traceback (most recent call last):
  File "D:\ALL SEMESTERS\Year two\Year2 Recess\Final_Project\soils-sense\.venv\Lib\site-packages\django\core\handlers\exception.py", line 55, in inner
    response = get_response(request)
               ^^^^^^^^^^^^^^^^^^^^^
  File "D:\ALL SEMESTERS\Year two\Year2 Recess\Final_Project\soils-sense\.venv\Lib\site-packages\django\core\handlers\base.py", line 197, in _get_response
    response = wrapped_callback(request, *callback_args, **callback_kwargs)
               ^^^^^^^^^^^^^^^^^^^^^^^^^^^^^^^^^^^^^^^^^^^^^^^^^^^^^^^^^^^^
  File "D:\ALL SEMESTERS\Year two\Year2 Recess\Final_Project\soils-sense\apps\technician\views.py", line 37, in dashboard
    farm_count = Farm.objects.count()
                 ^^^^^^^^^^^^^^^^^^^^
  File "D:\ALL SEMESTERS\Year two\Year2 Recess\Final_Project\soils-sense\.venv\Lib\site-packages\django\db\models\manager.py", line 87, in manager_method
    return getattr(self.get_queryset(), name)(*args, **kwargs)
           ^^^^^^^^^^^^^^^^^^^^^^^^^^^^^^^^^^^^^^^^^^^^^^^^^^^
  File "D:\ALL SEMESTERS\Year two\Year2 Recess\Final_Project\soils-sense\.venv\Lib\site-packages\django\db\models\query.py", line 604, in count
    return self.query.get_count(using=self.db)
           ^^^^^^^^^^^^^^^^^^^^^^^^^^^^^^^^^^^
  File "D:\ALL SEMESTERS\Year two\Year2 Recess\Final_Project\soils-sense\.venv\Lib\site-packages\django\db\models\sql\query.py", line 644, in get_count
    return obj.get_aggregation(using, {"__count": Count("*")})["__count"]
           ^^^^^^^^^^^^^^^^^^^^^^^^^^^^^^^^^^^^^^^^^^^^^^^^^^^
  File "D:\ALL SEMESTERS\Year two\Year2 Recess\Final_Project\soils-sense\.venv\Lib\site-packages\django\db\models\sql\query.py", line 626, in get_aggregation
    result = compiler.execute_sql(SINGLE)
             ^^^^^^^^^^^^^^^^^^^^^^^^^^^^
  File "D:\ALL SEMESTERS\Year two\Year2 Recess\Final_Project\soils-sense\.venv\Lib\site-packages\django\db\models\sql\compiler.py", line 1623, in execute_sql
    cursor.execute(sql, params)
  File "D:\ALL SEMESTERS\Year two\Year2 Recess\Final_Project\soils-sense\.venv\Lib\site-packages\django\db\backends\utils.py", line 122, in execute
    return super().execute(sql, params)
           ^^^^^^^^^^^^^^^^^^^^^^^^^^^^
  File "D:\ALL SEMESTERS\Year two\Year2 Recess\Final_Project\soils-sense\.venv\Lib\site-packages\django\db\backends\utils.py", line 79, in execute
    return self._execute_with_wrappers(
           ^^^^^^^^^^^^^^^^^^^^^^^^^^^^
  File "D:\ALL SEMESTERS\Year two\Year2 Recess\Final_Project\soils-sense\.venv\Lib\site-packages\django\db\backends\utils.py", line 92, in _execute_with_wrappers
    return executor(sql, params, many, context)
           ^^^^^^^^^^^^^^^^^^^^^^^^^^^^^^^^^^^^
  File "D:\ALL SEMESTERS\Year two\Year2 Recess\Final_Project\soils-sense\.venv\Lib\site-packages\django\db\backends\utils.py", line 100, in _execute
    with self.db.wrap_database_errors:
  File "D:\ALL SEMESTERS\Year two\Year2 Recess\Final_Project\soils-sense\.venv\Lib\site-packages\django\db\utils.py", line 91, in __exit__
    raise dj_exc_value.with_traceback(traceback) from exc_value
  File "D:\ALL SEMESTERS\Year two\Year2 Recess\Final_Project\soils-sense\.venv\Lib\site-packages\django\db\backends\utils.py", line 105, in _execute
    return self.cursor.execute(sql, params)
           ^^^^^^^^^^^^^^^^^^^^^^^^^^^^^^^^
  File "D:\ALL SEMESTERS\Year two\Year2 Recess\Final_Project\soils-sense\.venv\Lib\site-packages\django\db\backends\sqlite3\base.py", line 360, in execute
    return super().execute(query, params)
           ^^^^^^^^^^^^^^^^^^^^^^^^^^^^^^
django.db.utils.OperationalError: no such table: farmer_farm
"GET /technician/dashboard/ HTTP/1.1" 500 140534
Internal Server Error: /technician/dashboard/
Traceback (most recent call last):
  File "D:\ALL SEMESTERS\Year two\Year2 Recess\Final_Project\soils-sense\.venv\Lib\site-packages\django\db\backends\utils.py", line 105, in _execute
    return self.cursor.execute(sql, params)
           ^^^^^^^^^^^^^^^^^^^^^^^^^^^^^^^^
  File "D:\ALL SEMESTERS\Year two\Year2 Recess\Final_Project\soils-sense\.venv\Lib\site-packages\django\db\backends\sqlite3\base.py", line 360, in execute
    return super().execute(query, params)
           ^^^^^^^^^^^^^^^^^^^^^^^^^^^^^^
sqlite3.OperationalError: no such table: technician_sensorthreshold

The above exception was the direct cause of the following exception:

Traceback (most recent call last):
  File "D:\ALL SEMESTERS\Year two\Year2 Recess\Final_Project\soils-sense\.venv\Lib\site-packages\django\core\handlers\exception.py", line 55, in inner
    response = get_response(request)
               ^^^^^^^^^^^^^^^^^^^^^
  File "D:\ALL SEMESTERS\Year two\Year2 Recess\Final_Project\soils-sense\.venv\Lib\site-packages\django\core\handlers\base.py", line 197, in _get_response
    response = wrapped_callback(request, *callback_args, **callback_kwargs)
               ^^^^^^^^^^^^^^^^^^^^^^^^^^^^^^^^^^^^^^^^^^^^^^^^^^^^^^^^^^^^
  File "D:\ALL SEMESTERS\Year two\Year2 Recess\Final_Project\soils-sense\apps\technician\views.py", line 83, in dashboard
    threshold_count = SensorThreshold.objects.count()
                      ^^^^^^^^^^^^^^^^^^^^^^^^^^^^^^^
  File "D:\ALL SEMESTERS\Year two\Year2 Recess\Final_Project\soils-sense\.venv\Lib\site-packages\django\db\models\manager.py", line 87, in manager_method
    return getattr(self.get_queryset(), name)(*args, **kwargs)
           ^^^^^^^^^^^^^^^^^^^^^^^^^^^^^^^^^^^^^^^^^^^^^^^^^^^
  File "D:\ALL SEMESTERS\Year two\Year2 Recess\Final_Project\soils-sense\.venv\Lib\site-packages\django\db\models\query.py", line 604, in count
    return self.query.get_count(using=self.db)
           ^^^^^^^^^^^^^^^^^^^^^^^^^^^^^^^^^^^
  File "D:\ALL SEMESTERS\Year two\Year2 Recess\Final_Project\soils-sense\.venv\Lib\site-packages\django\db\models\sql\query.py", line 644, in get_count
    return obj.get_aggregation(using, {"__count": Count("*")})["__count"]
           ^^^^^^^^^^^^^^^^^^^^^^^^^^^^^^^^^^^^^^^^^^^^^^^^^^^
  File "D:\ALL SEMESTERS\Year two\Year2 Recess\Final_Project\soils-sense\.venv\Lib\site-packages\django\db\models\sql\query.py", line 626, in get_aggregation
    result = compiler.execute_sql(SINGLE)
             ^^^^^^^^^^^^^^^^^^^^^^^^^^^^
  File "D:\ALL SEMESTERS\Year two\Year2 Recess\Final_Project\soils-sense\.venv\Lib\site-packages\django\db\models\sql\compiler.py", line 1623, in execute_sql
    cursor.execute(sql, params)
  File "D:\ALL SEMESTERS\Year two\Year2 Recess\Final_Project\soils-sense\.venv\Lib\site-packages\django\db\backends\utils.py", line 122, in execute
    return super().execute(sql, params)
           ^^^^^^^^^^^^^^^^^^^^^^^^^^^^
  File "D:\ALL SEMESTERS\Year two\Year2 Recess\Final_Project\soils-sense\.venv\Lib\site-packages\django\db\backends\utils.py", line 79, in execute
    return self._execute_with_wrappers(
           ^^^^^^^^^^^^^^^^^^^^^^^^^^^^
  File "D:\ALL SEMESTERS\Year two\Year2 Recess\Final_Project\soils-sense\.venv\Lib\site-packages\django\db\backends\utils.py", line 92, in _execute_with_wrappers
    return executor(sql, params, many, context)
           ^^^^^^^^^^^^^^^^^^^^^^^^^^^^^^^^^^^^
  File "D:\ALL SEMESTERS\Year two\Year2 Recess\Final_Project\soils-sense\.venv\Lib\site-packages\django\db\backends\utils.py", line 100, in _execute
    with self.db.wrap_database_errors:
  File "D:\ALL SEMESTERS\Year two\Year2 Recess\Final_Project\soils-sense\.venv\Lib\site-packages\django\db\utils.py", line 91, in __exit__
    raise dj_exc_value.with_traceback(traceback) from exc_value
  File "D:\ALL SEMESTERS\Year two\Year2 Recess\Final_Project\soils-sense\.venv\Lib\site-packages\django\db\backends\utils.py", line 105, in _execute
    return self.cursor.execute(sql, params)
           ^^^^^^^^^^^^^^^^^^^^^^^^^^^^^^^^
  File "D:\ALL SEMESTERS\Year two\Year2 Recess\Final_Project\soils-sense\.venv\Lib\site-packages\django\db\backends\sqlite3\base.py", line 360, in execute
    return super().execute(query, params)
           ^^^^^^^^^^^^^^^^^^^^^^^^^^^^^^
django.db.utils.OperationalError: no such table: technician_sensorthreshold
"GET /technician/dashboard/ HTTP/1.1" 500 142713
"GET /authentication/signup/ HTTP/1.1" 200 4073
"POST /authentication/signup/ HTTP/1.1" 302 0
"GET /authentication/login/ HTTP/1.1" 200 2904
"POST /authentication/login/ HTTP/1.1" 302 0
"GET /farmer/dashboard/ HTTP/1.1" 200 6959
"GET /farmer/soil-data/ HTTP/1.1" 200 27580
"GET /farmer/profile/ HTTP/1.1" 200 15463
"GET /farmer/analytics/ HTTP/1.1" 200 12660
"GET /farmer/recommendations/ HTTP/1.1" 200 15732
"GET /farmer/farm-management/ HTTP/1.1" 200 27550
"GET /farmer/dashboard/ HTTP/1.1" 200 6959
"GET /farmer/farm-management/ HTTP/1.1" 200 27550
"POST /farmer/add-farm/ HTTP/1.1" 302 0
"GET /farmer/farm-management/ HTTP/1.1" 200 29387
"POST /farmer/add-crop/ HTTP/1.1" 302 0
"GET /farmer/farm-management/ HTTP/1.1" 200 30686
"GET /farmer/dashboard/ HTTP/1.1" 200 10992
"GET /farmer/soil-data/ HTTP/1.1" 200 27903
"GET /farmer/soil-data/ HTTP/1.1" 200 27903
"GET /farmer/dashboard/ HTTP/1.1" 200 10992
"GET /authentication/logout/ HTTP/1.1" 302 0
"GET /landing_page/ HTTP/1.1" 200 9417
"GET /static/images/dashboard.png HTTP/1.1" 404 1874
"GET /static/images/chart-preview.png HTTP/1.1" 404 1886
"GET /authentication/login/ HTTP/1.1" 200 2781
"POST /authentication/login/ HTTP/1.1" 302 0
"GET /farmer/dashboard/ HTTP/1.1" 200 10992
Watching for file changes with StatReloader
"GET / HTTP/1.1" 200 9417
"GET /static/images/slide1.jpg HTTP/1.1" 304 0
"GET /static/images/dashboard.png HTTP/1.1" 404 1874
"GET /static/images/chart-preview.png HTTP/1.1" 404 1886
Not Found: /favicon.ico
"GET /favicon.ico HTTP/1.1" 404 3911
"GET /static/images/slide2.jpg HTTP/1.1" 304 0
"GET /static/images/slide3.jpg HTTP/1.1" 304 0
"GET /authentication/login/ HTTP/1.1" 200 2781
"GET /static/images/logo.webp HTTP/1.1" 304 0
"POST /authentication/login/ HTTP/1.1" 302 0
"GET /farmer/dashboard/ HTTP/1.1" 200 10992
"GET /farmer/soil-data/ HTTP/1.1" 200 27903
"GET /farmer/download-csv-template/ HTTP/1.1" 200 211
"GET /farmer/dashboard/ HTTP/1.1" 200 10992
"GET /farmer/analytics/ HTTP/1.1" 200 12660
"GET /farmer/recommendations/ HTTP/1.1" 200 15732
"GET /farmer/farm-management/ HTTP/1.1" 200 29897
D:\ALL SEMESTERS\Year two\Year2 Recess\Final_Project\soils-sense\ml\data_processor.py changed, reloading.
Watching for file changes with StatReloader
D:\ALL SEMESTERS\Year two\Year2 Recess\Final_Project\soils-sense\ml\data_processor.py changed, reloading.
Watching for file changes with StatReloader
D:\ALL SEMESTERS\Year two\Year2 Recess\Final_Project\soils-sense\ml\model_trainer.py changed, reloading.
Watching for file changes with StatReloader
D:\ALL SEMESTERS\Year two\Year2 Recess\Final_Project\soils-sense\ml\data_processor.py changed, reloading.
Watching for file changes with StatReloader
D:\ALL SEMESTERS\Year two\Year2 Recess\Final_Project\soils-sense\ml\data_processor.py changed, reloading.
Watching for file changes with StatReloader
Watching for file changes with StatReloader
"GET / HTTP/1.1" 200 9417
"GET /static/images/slide1.jpg HTTP/1.1" 304 0
"GET /static/images/dashboard.png HTTP/1.1" 404 1874
"GET /static/images/chart-preview.png HTTP/1.1" 404 1886
Not Found: /favicon.ico
"GET /favicon.ico HTTP/1.1" 404 3911
"GET /authentication/login/ HTTP/1.1" 200 2781
"GET /static/images/logo.webp HTTP/1.1" 304 0
"POST /authentication/login/ HTTP/1.1" 302 0
"GET /farmer/dashboard/ HTTP/1.1" 200 10992
"GET /authentication/logout/ HTTP/1.1" 302 0
"GET /landing_page/ HTTP/1.1" 200 9417
"GET /static/images/dashboard.png HTTP/1.1" 404 1874
"GET /static/images/chart-preview.png HTTP/1.1" 404 1886
"GET /authentication/login/ HTTP/1.1" 200 2781
"POST /authentication/login/ HTTP/1.1" 302 0
Internal Server Error: /technician/dashboard/
Traceback (most recent call last):
  File "D:\ALL SEMESTERS\Year two\Year2 Recess\Final_Project\soils-sense\.venv\Lib\site-packages\django\db\backends\utils.py", line 105, in _execute
    return self.cursor.execute(sql, params)
           ^^^^^^^^^^^^^^^^^^^^^^^^^^^^^^^^
  File "D:\ALL SEMESTERS\Year two\Year2 Recess\Final_Project\soils-sense\.venv\Lib\site-packages\django\db\backends\sqlite3\base.py", line 360, in execute
    return super().execute(query, params)
           ^^^^^^^^^^^^^^^^^^^^^^^^^^^^^^
sqlite3.OperationalError: no such table: technician_sensorthreshold

The above exception was the direct cause of the following exception:

Traceback (most recent call last):
  File "D:\ALL SEMESTERS\Year two\Year2 Recess\Final_Project\soils-sense\.venv\Lib\site-packages\django\core\handlers\exception.py", line 55, in inner
    response = get_response(request)
               ^^^^^^^^^^^^^^^^^^^^^
  File "D:\ALL SEMESTERS\Year two\Year2 Recess\Final_Project\soils-sense\.venv\Lib\site-packages\django\core\handlers\base.py", line 197, in _get_response
    response = wrapped_callback(request, *callback_args, **callback_kwargs)
               ^^^^^^^^^^^^^^^^^^^^^^^^^^^^^^^^^^^^^^^^^^^^^^^^^^^^^^^^^^^^
  File "D:\ALL SEMESTERS\Year two\Year2 Recess\Final_Project\soils-sense\apps\technician\views.py", line 83, in dashboard
    threshold_count = SensorThreshold.objects.count()
                      ^^^^^^^^^^^^^^^^^^^^^^^^^^^^^^^
  File "D:\ALL SEMESTERS\Year two\Year2 Recess\Final_Project\soils-sense\.venv\Lib\site-packages\django\db\models\manager.py", line 87, in manager_method
    return getattr(self.get_queryset(), name)(*args, **kwargs)
           ^^^^^^^^^^^^^^^^^^^^^^^^^^^^^^^^^^^^^^^^^^^^^^^^^^^
  File "D:\ALL SEMESTERS\Year two\Year2 Recess\Final_Project\soils-sense\.venv\Lib\site-packages\django\db\models\query.py", line 604, in count
    return self.query.get_count(using=self.db)
           ^^^^^^^^^^^^^^^^^^^^^^^^^^^^^^^^^^^
  File "D:\ALL SEMESTERS\Year two\Year2 Recess\Final_Project\soils-sense\.venv\Lib\site-packages\django\db\models\sql\query.py", line 644, in get_count
    return obj.get_aggregation(using, {"__count": Count("*")})["__count"]
           ^^^^^^^^^^^^^^^^^^^^^^^^^^^^^^^^^^^^^^^^^^^^^^^^^^^
  File "D:\ALL SEMESTERS\Year two\Year2 Recess\Final_Project\soils-sense\.venv\Lib\site-packages\django\db\models\sql\query.py", line 626, in get_aggregation
    result = compiler.execute_sql(SINGLE)
             ^^^^^^^^^^^^^^^^^^^^^^^^^^^^
  File "D:\ALL SEMESTERS\Year two\Year2 Recess\Final_Project\soils-sense\.venv\Lib\site-packages\django\db\models\sql\compiler.py", line 1623, in execute_sql
    cursor.execute(sql, params)
  File "D:\ALL SEMESTERS\Year two\Year2 Recess\Final_Project\soils-sense\.venv\Lib\site-packages\django\db\backends\utils.py", line 122, in execute
    return super().execute(sql, params)
           ^^^^^^^^^^^^^^^^^^^^^^^^^^^^
  File "D:\ALL SEMESTERS\Year two\Year2 Recess\Final_Project\soils-sense\.venv\Lib\site-packages\django\db\backends\utils.py", line 79, in execute
    return self._execute_with_wrappers(
           ^^^^^^^^^^^^^^^^^^^^^^^^^^^^
  File "D:\ALL SEMESTERS\Year two\Year2 Recess\Final_Project\soils-sense\.venv\Lib\site-packages\django\db\backends\utils.py", line 92, in _execute_with_wrappers
    return executor(sql, params, many, context)
           ^^^^^^^^^^^^^^^^^^^^^^^^^^^^^^^^^^^^
  File "D:\ALL SEMESTERS\Year two\Year2 Recess\Final_Project\soils-sense\.venv\Lib\site-packages\django\db\backends\utils.py", line 100, in _execute
    with self.db.wrap_database_errors:
  File "D:\ALL SEMESTERS\Year two\Year2 Recess\Final_Project\soils-sense\.venv\Lib\site-packages\django\db\utils.py", line 91, in __exit__
    raise dj_exc_value.with_traceback(traceback) from exc_value
  File "D:\ALL SEMESTERS\Year two\Year2 Recess\Final_Project\soils-sense\.venv\Lib\site-packages\django\db\backends\utils.py", line 105, in _execute
    return self.cursor.execute(sql, params)
           ^^^^^^^^^^^^^^^^^^^^^^^^^^^^^^^^
  File "D:\ALL SEMESTERS\Year two\Year2 Recess\Final_Project\soils-sense\.venv\Lib\site-packages\django\db\backends\sqlite3\base.py", line 360, in execute
    return super().execute(query, params)
           ^^^^^^^^^^^^^^^^^^^^^^^^^^^^^^
django.db.utils.OperationalError: no such table: technician_sensorthreshold
"GET /technician/dashboard/ HTTP/1.1" 500 142910
"GET /static/images/slide2.jpg HTTP/1.1" 304 0
"GET /static/images/slide3.jpg HTTP/1.1" 304 0
D:\ALL SEMESTERS\Year two\Year2 Recess\Final_Project\soils-sense\ml\model_trainer.py changed, reloading.
Watching for file changes with StatReloader
"GET /authentication/login/ HTTP/1.1" 200 2781
"POST /authentication/login/ HTTP/1.1" 302 0
"GET /farmer/dashboard/ HTTP/1.1" 200 10992
"GET /farmer/soil-data/ HTTP/1.1" 200 27903
"GET /farmer/profile/ HTTP/1.1" 200 15463
"GET /farmer/analytics/ HTTP/1.1" 200 12660
"GET /farmer/recommendations/ HTTP/1.1" 200 15732
"GET /farmer/farm-management/ HTTP/1.1" 200 29897
"GET /authentication/logout/ HTTP/1.1" 302 0
"GET /landing_page/ HTTP/1.1" 200 9417
"GET /static/images/dashboard.png HTTP/1.1" 404 1874
"GET /static/images/chart-preview.png HTTP/1.1" 404 1886
Watching for file changes with StatReloader
Watching for file changes with StatReloader
"GET / HTTP/1.1" 200 9417
"GET /static/images/dashboard.png HTTP/1.1" 404 1874
"GET /static/images/slide1.jpg HTTP/1.1" 200 100505
"GET /static/images/chart-preview.png HTTP/1.1" 404 1886
Not Found: /favicon.ico
"GET /favicon.ico HTTP/1.1" 404 3911
"GET /static/images/slide2.jpg HTTP/1.1" 200 63357
"GET /authentication/login/ HTTP/1.1" 200 3861
"GET /static/images/logo.webp HTTP/1.1" 200 90028
"POST /authentication/login/ HTTP/1.1" 302 0
"GET /farmer/dashboard/ HTTP/1.1" 200 13003
"GET /farmer/soil-data/ HTTP/1.1" 200 28391
"GET /farmer/analytics/ HTTP/1.1" 200 13148
"GET /farmer/predictions/ HTTP/1.1" 200 13208
"GET /farmer/farm-management/ HTTP/1.1" 200 29909
"GET /authentication/logout/ HTTP/1.1" 302 0
"GET /landing_page/ HTTP/1.1" 200 9417
"GET /static/images/dashboard.png HTTP/1.1" 404 1874
"GET /static/images/chart-preview.png HTTP/1.1" 404 1886
"GET /authentication/login/ HTTP/1.1" 200 3861
"POST /authentication/login/ HTTP/1.1" 302 0
Internal Server Error: /technician/dashboard/
Traceback (most recent call last):
  File "D:\ALL SEMESTERS\Year two\Year2 Recess\Final_Project\soils-sense\.venv\Lib\site-packages\django\db\backends\utils.py", line 105, in _execute
    return self.cursor.execute(sql, params)
           ^^^^^^^^^^^^^^^^^^^^^^^^^^^^^^^^
  File "D:\ALL SEMESTERS\Year two\Year2 Recess\Final_Project\soils-sense\.venv\Lib\site-packages\django\db\backends\sqlite3\base.py", line 360, in execute
    return super().execute(query, params)
           ^^^^^^^^^^^^^^^^^^^^^^^^^^^^^^
sqlite3.OperationalError: no such table: technician_sensorthreshold

The above exception was the direct cause of the following exception:

Traceback (most recent call last):
  File "D:\ALL SEMESTERS\Year two\Year2 Recess\Final_Project\soils-sense\.venv\Lib\site-packages\django\core\handlers\exception.py", line 55, in inner
    response = get_response(request)
               ^^^^^^^^^^^^^^^^^^^^^
  File "D:\ALL SEMESTERS\Year two\Year2 Recess\Final_Project\soils-sense\.venv\Lib\site-packages\django\core\handlers\base.py", line 197, in _get_response
    response = wrapped_callback(request, *callback_args, **callback_kwargs)
               ^^^^^^^^^^^^^^^^^^^^^^^^^^^^^^^^^^^^^^^^^^^^^^^^^^^^^^^^^^^^
  File "D:\ALL SEMESTERS\Year two\Year2 Recess\Final_Project\soils-sense\apps\technician\views.py", line 92, in dashboard
    threshold_count = SensorThreshold.objects.count()
                      ^^^^^^^^^^^^^^^^^^^^^^^^^^^^^^^
  File "D:\ALL SEMESTERS\Year two\Year2 Recess\Final_Project\soils-sense\.venv\Lib\site-packages\django\db\models\manager.py", line 87, in manager_method
    return getattr(self.get_queryset(), name)(*args, **kwargs)
           ^^^^^^^^^^^^^^^^^^^^^^^^^^^^^^^^^^^^^^^^^^^^^^^^^^^
  File "D:\ALL SEMESTERS\Year two\Year2 Recess\Final_Project\soils-sense\.venv\Lib\site-packages\django\db\models\query.py", line 604, in count
    return self.query.get_count(using=self.db)
           ^^^^^^^^^^^^^^^^^^^^^^^^^^^^^^^^^^^
  File "D:\ALL SEMESTERS\Year two\Year2 Recess\Final_Project\soils-sense\.venv\Lib\site-packages\django\db\models\sql\query.py", line 644, in get_count
    return obj.get_aggregation(using, {"__count": Count("*")})["__count"]
           ^^^^^^^^^^^^^^^^^^^^^^^^^^^^^^^^^^^^^^^^^^^^^^^^^^^
  File "D:\ALL SEMESTERS\Year two\Year2 Recess\Final_Project\soils-sense\.venv\Lib\site-packages\django\db\models\sql\query.py", line 626, in get_aggregation
    result = compiler.execute_sql(SINGLE)
             ^^^^^^^^^^^^^^^^^^^^^^^^^^^^
  File "D:\ALL SEMESTERS\Year two\Year2 Recess\Final_Project\soils-sense\.venv\Lib\site-packages\django\db\models\sql\compiler.py", line 1623, in execute_sql
    cursor.execute(sql, params)
  File "D:\ALL SEMESTERS\Year two\Year2 Recess\Final_Project\soils-sense\.venv\Lib\site-packages\django\db\backends\utils.py", line 122, in execute
    return super().execute(sql, params)
           ^^^^^^^^^^^^^^^^^^^^^^^^^^^^
  File "D:\ALL SEMESTERS\Year two\Year2 Recess\Final_Project\soils-sense\.venv\Lib\site-packages\django\db\backends\utils.py", line 79, in execute
    return self._execute_with_wrappers(
           ^^^^^^^^^^^^^^^^^^^^^^^^^^^^
  File "D:\ALL SEMESTERS\Year two\Year2 Recess\Final_Project\soils-sense\.venv\Lib\site-packages\django\db\backends\utils.py", line 92, in _execute_with_wrappers
    return executor(sql, params, many, context)
           ^^^^^^^^^^^^^^^^^^^^^^^^^^^^^^^^^^^^
  File "D:\ALL SEMESTERS\Year two\Year2 Recess\Final_Project\soils-sense\.venv\Lib\site-packages\django\db\backends\utils.py", line 100, in _execute
    with self.db.wrap_database_errors:
  File "D:\ALL SEMESTERS\Year two\Year2 Recess\Final_Project\soils-sense\.venv\Lib\site-packages\django\db\utils.py", line 91, in __exit__
    raise dj_exc_value.with_traceback(traceback) from exc_value
  File "D:\ALL SEMESTERS\Year two\Year2 Recess\Final_Project\soils-sense\.venv\Lib\site-packages\django\db\backends\utils.py", line 105, in _execute
    return self.cursor.execute(sql, params)
           ^^^^^^^^^^^^^^^^^^^^^^^^^^^^^^^^
  File "D:\ALL SEMESTERS\Year two\Year2 Recess\Final_Project\soils-sense\.venv\Lib\site-packages\django\db\backends\sqlite3\base.py", line 360, in execute
    return super().execute(query, params)
           ^^^^^^^^^^^^^^^^^^^^^^^^^^^^^^
django.db.utils.OperationalError: no such table: technician_sensorthreshold
"GET /technician/dashboard/ HTTP/1.1" 500 143043
"GET /authentication/login/ HTTP/1.1" 200 3861
"POST /authentication/login/ HTTP/1.1" 302 0
"GET /farmer/dashboard/ HTTP/1.1" 200 13003
Watching for file changes with StatReloader
"GET / HTTP/1.1" 200 9417
"GET /static/images/dashboard.png HTTP/1.1" 404 1874
"GET /static/images/chart-preview.png HTTP/1.1" 404 1886
Not Found: /favicon.ico
"GET /favicon.ico HTTP/1.1" 404 3911
"GET /authentication/login/ HTTP/1.1" 200 3861
"POST /authentication/login/ HTTP/1.1" 302 0
"GET /farmer/dashboard/ HTTP/1.1" 200 12875
"GET /farmer/recommendations/ HTTP/1.1" 200 15937
"GET /farmer/analytics/ HTTP/1.1" 200 17222
Internal Server Error: /farmer/predictions/
Traceback (most recent call last):
  File "D:\ALL SEMESTERS\Year two\Year2 Recess\Final_Project\soils-sense\.venv\Lib\site-packages\django\db\backends\utils.py", line 105, in _execute
    return self.cursor.execute(sql, params)
           ^^^^^^^^^^^^^^^^^^^^^^^^^^^^^^^^
  File "D:\ALL SEMESTERS\Year two\Year2 Recess\Final_Project\soils-sense\.venv\Lib\site-packages\django\db\backends\sqlite3\base.py", line 360, in execute
    return super().execute(query, params)
           ^^^^^^^^^^^^^^^^^^^^^^^^^^^^^^
sqlite3.OperationalError: no such table: farmer_predictionresult

The above exception was the direct cause of the following exception:

Traceback (most recent call last):
  File "D:\ALL SEMESTERS\Year two\Year2 Recess\Final_Project\soils-sense\.venv\Lib\site-packages\django\core\handlers\exception.py", line 55, in inner
    response = get_response(request)
               ^^^^^^^^^^^^^^^^^^^^^
  File "D:\ALL SEMESTERS\Year two\Year2 Recess\Final_Project\soils-sense\.venv\Lib\site-packages\django\core\handlers\base.py", line 197, in _get_response
    response = wrapped_callback(request, *callback_args, **callback_kwargs)
               ^^^^^^^^^^^^^^^^^^^^^^^^^^^^^^^^^^^^^^^^^^^^^^^^^^^^^^^^^^^^
  File "D:\ALL SEMESTERS\Year two\Year2 Recess\Final_Project\soils-sense\.venv\Lib\site-packages\django\contrib\auth\decorators.py", line 59, in _view_wrapper
    return view_func(request, *args, **kwargs)
           ^^^^^^^^^^^^^^^^^^^^^^^^^^^^^^^^^^^
  File "D:\ALL SEMESTERS\Year two\Year2 Recess\Final_Project\soils-sense\apps\farmer\views.py", line 567, in predictions
    return render(request, 'farmer/predictions.html', context)
           ^^^^^^^^^^^^^^^^^^^^^^^^^^^^^^^^^^^^^^^^^^^^^^^^^^^
  File "D:\ALL SEMESTERS\Year two\Year2 Recess\Final_Project\soils-sense\.venv\Lib\site-packages\django\shortcuts.py", line 25, in render
    content = loader.render_to_string(template_name, context, request, using=using)
              ^^^^^^^^^^^^^^^^^^^^^^^^^^^^^^^^^^^^^^^^^^^^^^^^^^^^^^^^^^^^^^^^^^^^^
  File "D:\ALL SEMESTERS\Year two\Year2 Recess\Final_Project\soils-sense\.venv\Lib\site-packages\django\template\loader.py", line 62, in render_to_string
    return template.render(context, request)
           ^^^^^^^^^^^^^^^^^^^^^^^^^^^^^^^^^
  File "D:\ALL SEMESTERS\Year two\Year2 Recess\Final_Project\soils-sense\.venv\Lib\site-packages\django\template\backends\django.py", line 107, in render
    return self.template.render(context)
           ^^^^^^^^^^^^^^^^^^^^^^^^^^^^^
  File "D:\ALL SEMESTERS\Year two\Year2 Recess\Final_Project\soils-sense\.venv\Lib\site-packages\django\template\base.py", line 171, in render
    return self._render(context)
           ^^^^^^^^^^^^^^^^^^^^^
  File "D:\ALL SEMESTERS\Year two\Year2 Recess\Final_Project\soils-sense\.venv\Lib\site-packages\django\template\base.py", line 163, in _render
    return self.nodelist.render(context)
           ^^^^^^^^^^^^^^^^^^^^^^^^^^^^^
  File "D:\ALL SEMESTERS\Year two\Year2 Recess\Final_Project\soils-sense\.venv\Lib\site-packages\django\template\base.py", line 1016, in render
    return SafeString("".join([node.render_annotated(context) for node in self]))
                               ^^^^^^^^^^^^^^^^^^^^^^^^^^^^^^
  File "D:\ALL SEMESTERS\Year two\Year2 Recess\Final_Project\soils-sense\.venv\Lib\site-packages\django\template\base.py", line 977, in render_annotated
    return self.render(context)
           ^^^^^^^^^^^^^^^^^^^^
  File "D:\ALL SEMESTERS\Year two\Year2 Recess\Final_Project\soils-sense\.venv\Lib\site-packages\django\template\loader_tags.py", line 159, in render
    return compiled_parent._render(context)
           ^^^^^^^^^^^^^^^^^^^^^^^^^^^^^^^^
  File "D:\ALL SEMESTERS\Year two\Year2 Recess\Final_Project\soils-sense\.venv\Lib\site-packages\django\template\base.py", line 163, in _render
    return self.nodelist.render(context)
           ^^^^^^^^^^^^^^^^^^^^^^^^^^^^^
  File "D:\ALL SEMESTERS\Year two\Year2 Recess\Final_Project\soils-sense\.venv\Lib\site-packages\django\template\base.py", line 1016, in render
    return SafeString("".join([node.render_annotated(context) for node in self]))
                               ^^^^^^^^^^^^^^^^^^^^^^^^^^^^^^
  File "D:\ALL SEMESTERS\Year two\Year2 Recess\Final_Project\soils-sense\.venv\Lib\site-packages\django\template\base.py", line 977, in render_annotated
    return self.render(context)
           ^^^^^^^^^^^^^^^^^^^^
  File "D:\ALL SEMESTERS\Year two\Year2 Recess\Final_Project\soils-sense\.venv\Lib\site-packages\django\template\loader_tags.py", line 65, in render
    result = block.nodelist.render(context)
             ^^^^^^^^^^^^^^^^^^^^^^^^^^^^^^
  File "D:\ALL SEMESTERS\Year two\Year2 Recess\Final_Project\soils-sense\.venv\Lib\site-packages\django\template\base.py", line 1016, in render
    return SafeString("".join([node.render_annotated(context) for node in self]))
                               ^^^^^^^^^^^^^^^^^^^^^^^^^^^^^^
  File "D:\ALL SEMESTERS\Year two\Year2 Recess\Final_Project\soils-sense\.venv\Lib\site-packages\django\template\base.py", line 977, in render_annotated
    return self.render(context)
           ^^^^^^^^^^^^^^^^^^^^
  File "D:\ALL SEMESTERS\Year two\Year2 Recess\Final_Project\soils-sense\.venv\Lib\site-packages\django\template\defaulttags.py", line 326, in render
    if match:
       ^^^^^
  File "D:\ALL SEMESTERS\Year two\Year2 Recess\Final_Project\soils-sense\.venv\Lib\site-packages\django\db\models\query.py", line 398, in __bool__
    self._fetch_all()
  File "D:\ALL SEMESTERS\Year two\Year2 Recess\Final_Project\soils-sense\.venv\Lib\site-packages\django\db\models\query.py", line 1949, in _fetch_all
    self._result_cache = list(self._iterable_class(self))
                         ^^^^^^^^^^^^^^^^^^^^^^^^^^^^^^^^
  File "D:\ALL SEMESTERS\Year two\Year2 Recess\Final_Project\soils-sense\.venv\Lib\site-packages\django\db\models\query.py", line 91, in __iter__
    results = compiler.execute_sql(
              ^^^^^^^^^^^^^^^^^^^^^
  File "D:\ALL SEMESTERS\Year two\Year2 Recess\Final_Project\soils-sense\.venv\Lib\site-packages\django\db\models\sql\compiler.py", line 1623, in execute_sql
    cursor.execute(sql, params)
  File "D:\ALL SEMESTERS\Year two\Year2 Recess\Final_Project\soils-sense\.venv\Lib\site-packages\django\db\backends\utils.py", line 122, in execute
    return super().execute(sql, params)
           ^^^^^^^^^^^^^^^^^^^^^^^^^^^^
  File "D:\ALL SEMESTERS\Year two\Year2 Recess\Final_Project\soils-sense\.venv\Lib\site-packages\django\db\backends\utils.py", line 79, in execute
    return self._execute_with_wrappers(
           ^^^^^^^^^^^^^^^^^^^^^^^^^^^^
  File "D:\ALL SEMESTERS\Year two\Year2 Recess\Final_Project\soils-sense\.venv\Lib\site-packages\django\db\backends\utils.py", line 92, in _execute_with_wrappers
    return executor(sql, params, many, context)
           ^^^^^^^^^^^^^^^^^^^^^^^^^^^^^^^^^^^^
  File "D:\ALL SEMESTERS\Year two\Year2 Recess\Final_Project\soils-sense\.venv\Lib\site-packages\django\db\backends\utils.py", line 100, in _execute
    with self.db.wrap_database_errors:
  File "D:\ALL SEMESTERS\Year two\Year2 Recess\Final_Project\soils-sense\.venv\Lib\site-packages\django\db\utils.py", line 91, in __exit__
    raise dj_exc_value.with_traceback(traceback) from exc_value
  File "D:\ALL SEMESTERS\Year two\Year2 Recess\Final_Project\soils-sense\.venv\Lib\site-packages\django\db\backends\utils.py", line 105, in _execute
    return self.cursor.execute(sql, params)
           ^^^^^^^^^^^^^^^^^^^^^^^^^^^^^^^^
  File "D:\ALL SEMESTERS\Year two\Year2 Recess\Final_Project\soils-sense\.venv\Lib\site-packages\django\db\backends\sqlite3\base.py", line 360, in execute
    return super().execute(query, params)
           ^^^^^^^^^^^^^^^^^^^^^^^^^^^^^^
django.db.utils.OperationalError: no such table: farmer_predictionresult
"GET /farmer/predictions/ HTTP/1.1" 500 230474
Internal Server Error: /farmer/predictions/
Traceback (most recent call last):
  File "D:\ALL SEMESTERS\Year two\Year2 Recess\Final_Project\soils-sense\.venv\Lib\site-packages\django\db\backends\utils.py", line 105, in _execute
    return self.cursor.execute(sql, params)
           ^^^^^^^^^^^^^^^^^^^^^^^^^^^^^^^^
  File "D:\ALL SEMESTERS\Year two\Year2 Recess\Final_Project\soils-sense\.venv\Lib\site-packages\django\db\backends\sqlite3\base.py", line 360, in execute
    return super().execute(query, params)
           ^^^^^^^^^^^^^^^^^^^^^^^^^^^^^^
sqlite3.OperationalError: no such table: farmer_predictionresult

The above exception was the direct cause of the following exception:

Traceback (most recent call last):
  File "D:\ALL SEMESTERS\Year two\Year2 Recess\Final_Project\soils-sense\.venv\Lib\site-packages\django\core\handlers\exception.py", line 55, in inner
    response = get_response(request)
               ^^^^^^^^^^^^^^^^^^^^^
  File "D:\ALL SEMESTERS\Year two\Year2 Recess\Final_Project\soils-sense\.venv\Lib\site-packages\django\core\handlers\base.py", line 197, in _get_response
    response = wrapped_callback(request, *callback_args, **callback_kwargs)
               ^^^^^^^^^^^^^^^^^^^^^^^^^^^^^^^^^^^^^^^^^^^^^^^^^^^^^^^^^^^^
  File "D:\ALL SEMESTERS\Year two\Year2 Recess\Final_Project\soils-sense\.venv\Lib\site-packages\django\contrib\auth\decorators.py", line 59, in _view_wrapper
    return view_func(request, *args, **kwargs)
           ^^^^^^^^^^^^^^^^^^^^^^^^^^^^^^^^^^^
  File "D:\ALL SEMESTERS\Year two\Year2 Recess\Final_Project\soils-sense\apps\farmer\views.py", line 567, in predictions
    return render(request, 'farmer/predictions.html', context)
           ^^^^^^^^^^^^^^^^^^^^^^^^^^^^^^^^^^^^^^^^^^^^^^^^^^^
  File "D:\ALL SEMESTERS\Year two\Year2 Recess\Final_Project\soils-sense\.venv\Lib\site-packages\django\shortcuts.py", line 25, in render
    content = loader.render_to_string(template_name, context, request, using=using)
              ^^^^^^^^^^^^^^^^^^^^^^^^^^^^^^^^^^^^^^^^^^^^^^^^^^^^^^^^^^^^^^^^^^^^^
  File "D:\ALL SEMESTERS\Year two\Year2 Recess\Final_Project\soils-sense\.venv\Lib\site-packages\django\template\loader.py", line 62, in render_to_string
    return template.render(context, request)
           ^^^^^^^^^^^^^^^^^^^^^^^^^^^^^^^^^
  File "D:\ALL SEMESTERS\Year two\Year2 Recess\Final_Project\soils-sense\.venv\Lib\site-packages\django\template\backends\django.py", line 107, in render
    return self.template.render(context)
           ^^^^^^^^^^^^^^^^^^^^^^^^^^^^^
  File "D:\ALL SEMESTERS\Year two\Year2 Recess\Final_Project\soils-sense\.venv\Lib\site-packages\django\template\base.py", line 171, in render
    return self._render(context)
           ^^^^^^^^^^^^^^^^^^^^^
  File "D:\ALL SEMESTERS\Year two\Year2 Recess\Final_Project\soils-sense\.venv\Lib\site-packages\django\template\base.py", line 163, in _render
    return self.nodelist.render(context)
           ^^^^^^^^^^^^^^^^^^^^^^^^^^^^^
  File "D:\ALL SEMESTERS\Year two\Year2 Recess\Final_Project\soils-sense\.venv\Lib\site-packages\django\template\base.py", line 1016, in render
    return SafeString("".join([node.render_annotated(context) for node in self]))
                               ^^^^^^^^^^^^^^^^^^^^^^^^^^^^^^
  File "D:\ALL SEMESTERS\Year two\Year2 Recess\Final_Project\soils-sense\.venv\Lib\site-packages\django\template\base.py", line 977, in render_annotated
    return self.render(context)
           ^^^^^^^^^^^^^^^^^^^^
  File "D:\ALL SEMESTERS\Year two\Year2 Recess\Final_Project\soils-sense\.venv\Lib\site-packages\django\template\loader_tags.py", line 159, in render
    return compiled_parent._render(context)
           ^^^^^^^^^^^^^^^^^^^^^^^^^^^^^^^^
  File "D:\ALL SEMESTERS\Year two\Year2 Recess\Final_Project\soils-sense\.venv\Lib\site-packages\django\template\base.py", line 163, in _render
    return self.nodelist.render(context)
           ^^^^^^^^^^^^^^^^^^^^^^^^^^^^^
  File "D:\ALL SEMESTERS\Year two\Year2 Recess\Final_Project\soils-sense\.venv\Lib\site-packages\django\template\base.py", line 1016, in render
    return SafeString("".join([node.render_annotated(context) for node in self]))
                               ^^^^^^^^^^^^^^^^^^^^^^^^^^^^^^
  File "D:\ALL SEMESTERS\Year two\Year2 Recess\Final_Project\soils-sense\.venv\Lib\site-packages\django\template\base.py", line 977, in render_annotated
    return self.render(context)
           ^^^^^^^^^^^^^^^^^^^^
  File "D:\ALL SEMESTERS\Year two\Year2 Recess\Final_Project\soils-sense\.venv\Lib\site-packages\django\template\loader_tags.py", line 65, in render
    result = block.nodelist.render(context)
             ^^^^^^^^^^^^^^^^^^^^^^^^^^^^^^
  File "D:\ALL SEMESTERS\Year two\Year2 Recess\Final_Project\soils-sense\.venv\Lib\site-packages\django\template\base.py", line 1016, in render
    return SafeString("".join([node.render_annotated(context) for node in self]))
                               ^^^^^^^^^^^^^^^^^^^^^^^^^^^^^^
  File "D:\ALL SEMESTERS\Year two\Year2 Recess\Final_Project\soils-sense\.venv\Lib\site-packages\django\template\base.py", line 977, in render_annotated
    return self.render(context)
           ^^^^^^^^^^^^^^^^^^^^
  File "D:\ALL SEMESTERS\Year two\Year2 Recess\Final_Project\soils-sense\.venv\Lib\site-packages\django\template\defaulttags.py", line 326, in render
    if match:
       ^^^^^
  File "D:\ALL SEMESTERS\Year two\Year2 Recess\Final_Project\soils-sense\.venv\Lib\site-packages\django\db\models\query.py", line 398, in __bool__
    self._fetch_all()
  File "D:\ALL SEMESTERS\Year two\Year2 Recess\Final_Project\soils-sense\.venv\Lib\site-packages\django\db\models\query.py", line 1949, in _fetch_all
    self._result_cache = list(self._iterable_class(self))
                         ^^^^^^^^^^^^^^^^^^^^^^^^^^^^^^^^
  File "D:\ALL SEMESTERS\Year two\Year2 Recess\Final_Project\soils-sense\.venv\Lib\site-packages\django\db\models\query.py", line 91, in __iter__
    results = compiler.execute_sql(
              ^^^^^^^^^^^^^^^^^^^^^
  File "D:\ALL SEMESTERS\Year two\Year2 Recess\Final_Project\soils-sense\.venv\Lib\site-packages\django\db\models\sql\compiler.py", line 1623, in execute_sql
    cursor.execute(sql, params)
  File "D:\ALL SEMESTERS\Year two\Year2 Recess\Final_Project\soils-sense\.venv\Lib\site-packages\django\db\backends\utils.py", line 122, in execute
    return super().execute(sql, params)
           ^^^^^^^^^^^^^^^^^^^^^^^^^^^^
  File "D:\ALL SEMESTERS\Year two\Year2 Recess\Final_Project\soils-sense\.venv\Lib\site-packages\django\db\backends\utils.py", line 79, in execute
    return self._execute_with_wrappers(
           ^^^^^^^^^^^^^^^^^^^^^^^^^^^^
  File "D:\ALL SEMESTERS\Year two\Year2 Recess\Final_Project\soils-sense\.venv\Lib\site-packages\django\db\backends\utils.py", line 92, in _execute_with_wrappers
    return executor(sql, params, many, context)
           ^^^^^^^^^^^^^^^^^^^^^^^^^^^^^^^^^^^^
  File "D:\ALL SEMESTERS\Year two\Year2 Recess\Final_Project\soils-sense\.venv\Lib\site-packages\django\db\backends\utils.py", line 100, in _execute
    with self.db.wrap_database_errors:
  File "D:\ALL SEMESTERS\Year two\Year2 Recess\Final_Project\soils-sense\.venv\Lib\site-packages\django\db\utils.py", line 91, in __exit__
    raise dj_exc_value.with_traceback(traceback) from exc_value
  File "D:\ALL SEMESTERS\Year two\Year2 Recess\Final_Project\soils-sense\.venv\Lib\site-packages\django\db\backends\utils.py", line 105, in _execute
    return self.cursor.execute(sql, params)
           ^^^^^^^^^^^^^^^^^^^^^^^^^^^^^^^^
  File "D:\ALL SEMESTERS\Year two\Year2 Recess\Final_Project\soils-sense\.venv\Lib\site-packages\django\db\backends\sqlite3\base.py", line 360, in execute
    return super().execute(query, params)
           ^^^^^^^^^^^^^^^^^^^^^^^^^^^^^^
django.db.utils.OperationalError: no such table: farmer_predictionresult
"GET /farmer/predictions/ HTTP/1.1" 500 230474
"GET /farmer/analytics/ HTTP/1.1" 200 17222
"GET /farmer/soil-data/ HTTP/1.1" 200 29983
"GET /farmer/farm-management/ HTTP/1.1" 200 30641
"GET /farmer/dashboard/ HTTP/1.1" 200 12875
D:\ALL SEMESTERS\Year two\Year2 Recess\Final_Project\soils-sense\apps\farmer\views.py changed, reloading.
Watching for file changes with StatReloader
"GET /authentication/logout/ HTTP/1.1" 302 0
"GET /landing_page/ HTTP/1.1" 200 9417
"GET /static/images/dashboard.png HTTP/1.1" 404 1874
"GET /static/images/chart-preview.png HTTP/1.1" 404 1886
"GET /authentication/signup/ HTTP/1.1" 200 5130
"GET / HTTP/1.1" 200 9417
"GET /static/images/dashboard.png HTTP/1.1" 404 1874
"GET /static/images/chart-preview.png HTTP/1.1" 404 1886
"GET /static/images/slide3.jpg HTTP/1.1" 200 174027
"GET /about HTTP/1.1" 301 0
"GET /about/ HTTP/1.1" 200 4611
"GET /contact HTTP/1.1" 301 0
"GET /contact/ HTTP/1.1" 200 4408
Internal Server Error: /contact/
Traceback (most recent call last):
  File "D:\ALL SEMESTERS\Year two\Year2 Recess\Final_Project\soils-sense\.venv\Lib\site-packages\django\db\backends\utils.py", line 105, in _execute
    return self.cursor.execute(sql, params)
           ^^^^^^^^^^^^^^^^^^^^^^^^^^^^^^^^
  File "D:\ALL SEMESTERS\Year two\Year2 Recess\Final_Project\soils-sense\.venv\Lib\site-packages\django\db\backends\sqlite3\base.py", line 360, in execute
    return super().execute(query, params)
           ^^^^^^^^^^^^^^^^^^^^^^^^^^^^^^
sqlite3.OperationalError: no such table: landing_page_contactmessage

The above exception was the direct cause of the following exception:

Traceback (most recent call last):
  File "D:\ALL SEMESTERS\Year two\Year2 Recess\Final_Project\soils-sense\.venv\Lib\site-packages\django\core\handlers\exception.py", line 55, in inner
    response = get_response(request)
               ^^^^^^^^^^^^^^^^^^^^^
  File "D:\ALL SEMESTERS\Year two\Year2 Recess\Final_Project\soils-sense\.venv\Lib\site-packages\django\core\handlers\base.py", line 197, in _get_response
    response = wrapped_callback(request, *callback_args, **callback_kwargs)
               ^^^^^^^^^^^^^^^^^^^^^^^^^^^^^^^^^^^^^^^^^^^^^^^^^^^^^^^^^^^^
  File "D:\ALL SEMESTERS\Year two\Year2 Recess\Final_Project\soils-sense\.venv\Lib\site-packages\django\views\generic\base.py", line 105, in view
    return self.dispatch(request, *args, **kwargs)
           ^^^^^^^^^^^^^^^^^^^^^^^^^^^^^^^^^^^^^^^
  File "D:\ALL SEMESTERS\Year two\Year2 Recess\Final_Project\soils-sense\.venv\Lib\site-packages\django\views\generic\base.py", line 144, in dispatch
    return handler(request, *args, **kwargs)
           ^^^^^^^^^^^^^^^^^^^^^^^^^^^^^^^^^
  File "D:\ALL SEMESTERS\Year two\Year2 Recess\Final_Project\soils-sense\.venv\Lib\site-packages\django\views\generic\edit.py", line 151, in post
    return self.form_valid(form)
           ^^^^^^^^^^^^^^^^^^^^^
  File "D:\ALL SEMESTERS\Year two\Year2 Recess\Final_Project\soils-sense\apps\landing_page\views.py", line 20, in form_valid
    ContactMessage.objects.create(
  File "D:\ALL SEMESTERS\Year two\Year2 Recess\Final_Project\soils-sense\.venv\Lib\site-packages\django\db\models\manager.py", line 87, in manager_method
    return getattr(self.get_queryset(), name)(*args, **kwargs)
           ^^^^^^^^^^^^^^^^^^^^^^^^^^^^^^^^^^^^^^^^^^^^^^^^^^^
  File "D:\ALL SEMESTERS\Year two\Year2 Recess\Final_Project\soils-sense\.venv\Lib\site-packages\django\db\models\query.py", line 663, in create
    obj.save(force_insert=True, using=self.db)
  File "D:\ALL SEMESTERS\Year two\Year2 Recess\Final_Project\soils-sense\.venv\Lib\site-packages\django\db\models\base.py", line 902, in save
    self.save_base(
  File "D:\ALL SEMESTERS\Year two\Year2 Recess\Final_Project\soils-sense\.venv\Lib\site-packages\django\db\models\base.py", line 1008, in save_base
    updated = self._save_table(
              ^^^^^^^^^^^^^^^^^
  File "D:\ALL SEMESTERS\Year two\Year2 Recess\Final_Project\soils-sense\.venv\Lib\site-packages\django\db\models\base.py", line 1169, in _save_table
    results = self._do_insert(
              ^^^^^^^^^^^^^^^^
  File "D:\ALL SEMESTERS\Year two\Year2 Recess\Final_Project\soils-sense\.venv\Lib\site-packages\django\db\models\base.py", line 1210, in _do_insert
    return manager._insert(
           ^^^^^^^^^^^^^^^^
  File "D:\ALL SEMESTERS\Year two\Year2 Recess\Final_Project\soils-sense\.venv\Lib\site-packages\django\db\models\manager.py", line 87, in manager_method
    return getattr(self.get_queryset(), name)(*args, **kwargs)
           ^^^^^^^^^^^^^^^^^^^^^^^^^^^^^^^^^^^^^^^^^^^^^^^^^^^
  File "D:\ALL SEMESTERS\Year two\Year2 Recess\Final_Project\soils-sense\.venv\Lib\site-packages\django\db\models\query.py", line 1868, in _insert
    return query.get_compiler(using=using).execute_sql(returning_fields)
           ^^^^^^^^^^^^^^^^^^^^^^^^^^^^^^^^^^^^^^^^^^^^^^^^^^^^^^^^^^^^^
  File "D:\ALL SEMESTERS\Year two\Year2 Recess\Final_Project\soils-sense\.venv\Lib\site-packages\django\db\models\sql\compiler.py", line 1882, in execute_sql
    cursor.execute(sql, params)
  File "D:\ALL SEMESTERS\Year two\Year2 Recess\Final_Project\soils-sense\.venv\Lib\site-packages\django\db\backends\utils.py", line 122, in execute
    return super().execute(sql, params)
           ^^^^^^^^^^^^^^^^^^^^^^^^^^^^
  File "D:\ALL SEMESTERS\Year two\Year2 Recess\Final_Project\soils-sense\.venv\Lib\site-packages\django\db\backends\utils.py", line 79, in execute
    return self._execute_with_wrappers(
           ^^^^^^^^^^^^^^^^^^^^^^^^^^^^
  File "D:\ALL SEMESTERS\Year two\Year2 Recess\Final_Project\soils-sense\.venv\Lib\site-packages\django\db\backends\utils.py", line 92, in _execute_with_wrappers
    return executor(sql, params, many, context)
           ^^^^^^^^^^^^^^^^^^^^^^^^^^^^^^^^^^^^
  File "D:\ALL SEMESTERS\Year two\Year2 Recess\Final_Project\soils-sense\.venv\Lib\site-packages\django\db\backends\utils.py", line 100, in _execute
    with self.db.wrap_database_errors:
  File "D:\ALL SEMESTERS\Year two\Year2 Recess\Final_Project\soils-sense\.venv\Lib\site-packages\django\db\utils.py", line 91, in __exit__
    raise dj_exc_value.with_traceback(traceback) from exc_value
  File "D:\ALL SEMESTERS\Year two\Year2 Recess\Final_Project\soils-sense\.venv\Lib\site-packages\django\db\backends\utils.py", line 105, in _execute
    return self.cursor.execute(sql, params)
           ^^^^^^^^^^^^^^^^^^^^^^^^^^^^^^^^
  File "D:\ALL SEMESTERS\Year two\Year2 Recess\Final_Project\soils-sense\.venv\Lib\site-packages\django\db\backends\sqlite3\base.py", line 360, in execute
    return super().execute(query, params)
           ^^^^^^^^^^^^^^^^^^^^^^^^^^^^^^
django.db.utils.OperationalError: no such table: landing_page_contactmessage
"POST /contact/ HTTP/1.1" 500 179087
Watching for file changes with StatReloader
"GET / HTTP/1.1" 200 9417
"GET /static/images/slide1.jpg HTTP/1.1" 304 0
"GET /static/images/dashboard.png HTTP/1.1" 404 1874
"GET /static/images/chart-preview.png HTTP/1.1" 404 1886
Not Found: /favicon.ico
"GET /favicon.ico HTTP/1.1" 404 3911
"GET /static/images/slide2.jpg HTTP/1.1" 304 0
"GET /static/images/slide3.jpg HTTP/1.1" 304 0
"GET /authentication/signup/ HTTP/1.1" 200 5130
"GET /static/images/logo.webp HTTP/1.1" 304 0
"GET /authentication/login/ HTTP/1.1" 200 3861
"POST /authentication/login/ HTTP/1.1" 302 0
"GET /farmer/dashboard/ HTTP/1.1" 200 12670
"GET /farmer/profile/ HTTP/1.1" 200 12370
"GET /farmer/farm-management/ HTTP/1.1" 200 30436
"GET /farmer/soil-data/ HTTP/1.1" 200 29534
"POST /farmer/soil-data/add/ HTTP/1.1" 200 103
"POST /farmer/soil-data/add/ HTTP/1.1" 200 58
"GET /farmer/soil-data/ HTTP/1.1" 200 30713
"GET /farmer/predictions/ HTTP/1.1" 200 16871
"GET /farmer/get-latest-readings/1/ HTTP/1.1" 200 196
"POST /farmer/predictions/ HTTP/1.1" 302 0
"GET /farmer/predictions/ HTTP/1.1" 200 17428
"GET /farmer/predictions/ HTTP/1.1" 200 16871
"GET /farmer/get-latest-readings/1/ HTTP/1.1" 200 196
"POST /farmer/predictions/ HTTP/1.1" 302 0
"GET /farmer/predictions/ HTTP/1.1" 200 17428
"GET /farmer/dashboard/ HTTP/1.1" 200 12676
"GET /farmer/farm-management/ HTTP/1.1" 200 30436
"GET /farmer/soil-data/ HTTP/1.1" 200 30713
"GET /farmer/predictions/ HTTP/1.1" 200 16871
"GET /farmer/get-latest-readings/1/ HTTP/1.1" 200 196
"POST /farmer/predictions/ HTTP/1.1" 302 0
"GET /farmer/predictions/ HTTP/1.1" 200 20449
"GET /farmer/get-latest-readings/1/ HTTP/1.1" 200 196
"POST /farmer/predictions/ HTTP/1.1" 302 0
"GET /farmer/predictions/ HTTP/1.1" 200 20481
"GET /farmer/get-latest-readings/1/ HTTP/1.1" 200 196
"POST /farmer/predictions/ HTTP/1.1" 302 0
"GET /farmer/predictions/ HTTP/1.1" 200 20481
"GET /farmer/get-latest-readings/1/ HTTP/1.1" 200 196
"POST /farmer/predictions/ HTTP/1.1" 302 0
"GET /farmer/predictions/ HTTP/1.1" 200 20481
"GET / HTTP/1.1" 200 9417
"GET /static/images/dashboard.png HTTP/1.1" 404 1874
"GET /static/images/chart-preview.png HTTP/1.1" 404 1886
"GET /authentication/login/ HTTP/1.1" 200 3861
"POST /authentication/login/ HTTP/1.1" 302 0
"GET /farmer/dashboard/ HTTP/1.1" 200 12676
"GET /farmer/predictions/ HTTP/1.1" 200 19924
"GET /farmer/get-latest-readings/1/ HTTP/1.1" 200 196
"POST /farmer/predictions/ HTTP/1.1" 302 0
"GET /farmer/predictions/ HTTP/1.1" 200 20481
Watching for file changes with StatReloader
"GET / HTTP/1.1" 200 9417
"GET /static/images/slide1.jpg HTTP/1.1" 304 0
"GET /static/images/dashboard.png HTTP/1.1" 404 1987
"GET /static/images/chart-preview.png HTTP/1.1" 404 1999
Not Found: /favicon.ico
"GET /favicon.ico HTTP/1.1" 404 4081
"GET /static/images/slide2.jpg HTTP/1.1" 304 0
"GET /static/images/slide3.jpg HTTP/1.1" 304 0
Watching for file changes with StatReloader
"GET / HTTP/1.1" 200 9417
"GET /static/images/dashboard.png HTTP/1.1" 404 1987
"GET /static/images/chart-preview.png HTTP/1.1" 404 1999
Not Found: /favicon.ico
"GET /favicon.ico HTTP/1.1" 404 4081
"GET /authentication/login/ HTTP/1.1" 200 3743
"GET /static/images/logo.webp HTTP/1.1" 304 0
Internal Server Error: /authentication/login/
Traceback (most recent call last):
  File "D:\ALL SEMESTERS\Year two\Year2 Recess\Final_Project\soils-sense\.venv\Lib\site-packages\django\db\backends\utils.py", line 105, in _execute
    return self.cursor.execute(sql, params)
           ^^^^^^^^^^^^^^^^^^^^^^^^^^^^^^^^
  File "D:\ALL SEMESTERS\Year two\Year2 Recess\Final_Project\soils-sense\.venv\Lib\site-packages\django\db\backends\sqlite3\base.py", line 360, in execute
    return super().execute(query, params)
           ^^^^^^^^^^^^^^^^^^^^^^^^^^^^^^
sqlite3.OperationalError: no such column: authentication_user.reset_code

The above exception was the direct cause of the following exception:

Traceback (most recent call last):
  File "D:\ALL SEMESTERS\Year two\Year2 Recess\Final_Project\soils-sense\.venv\Lib\site-packages\django\core\handlers\exception.py", line 55, in inner
    response = get_response(request)
               ^^^^^^^^^^^^^^^^^^^^^
  File "D:\ALL SEMESTERS\Year two\Year2 Recess\Final_Project\soils-sense\.venv\Lib\site-packages\django\core\handlers\base.py", line 197, in _get_response
    response = wrapped_callback(request, *callback_args, **callback_kwargs)
               ^^^^^^^^^^^^^^^^^^^^^^^^^^^^^^^^^^^^^^^^^^^^^^^^^^^^^^^^^^^^
  File "D:\ALL SEMESTERS\Year two\Year2 Recess\Final_Project\soils-sense\.venv\Lib\site-packages\django\views\generic\base.py", line 105, in view
    return self.dispatch(request, *args, **kwargs)
           ^^^^^^^^^^^^^^^^^^^^^^^^^^^^^^^^^^^^^^^
  File "D:\ALL SEMESTERS\Year two\Year2 Recess\Final_Project\soils-sense\.venv\Lib\site-packages\django\views\generic\base.py", line 144, in dispatch
    return handler(request, *args, **kwargs)
           ^^^^^^^^^^^^^^^^^^^^^^^^^^^^^^^^^
  File "D:\ALL SEMESTERS\Year two\Year2 Recess\Final_Project\soils-sense\authentication\views.py", line 40, in post
    user = authenticate(request, username=username, password=password)
           ^^^^^^^^^^^^^^^^^^^^^^^^^^^^^^^^^^^^^^^^^^^^^^^^^^^^^^^^^^^
  File "D:\ALL SEMESTERS\Year two\Year2 Recess\Final_Project\soils-sense\.venv\Lib\site-packages\django\views\decorators\debug.py", line 75, in sensitive_variables_wrapper
    return func(*func_args, **func_kwargs)
           ^^^^^^^^^^^^^^^^^^^^^^^^^^^^^^^
  File "D:\ALL SEMESTERS\Year two\Year2 Recess\Final_Project\soils-sense\.venv\Lib\site-packages\django\contrib\auth\__init__.py", line 114, in authenticate
    user = backend.authenticate(request, **credentials)
           ^^^^^^^^^^^^^^^^^^^^^^^^^^^^^^^^^^^^^^^^^^^^
  File "D:\ALL SEMESTERS\Year two\Year2 Recess\Final_Project\soils-sense\.venv\Lib\site-packages\django\contrib\auth\backends.py", line 65, in authenticate
    user = UserModel._default_manager.get_by_natural_key(username)
           ^^^^^^^^^^^^^^^^^^^^^^^^^^^^^^^^^^^^^^^^^^^^^^^^^^^^^^^
  File "D:\ALL SEMESTERS\Year two\Year2 Recess\Final_Project\soils-sense\.venv\Lib\site-packages\django\contrib\auth\base_user.py", line 37, in get_by_natural_key
    return self.get(**{self.model.USERNAME_FIELD: username})
           ^^^^^^^^^^^^^^^^^^^^^^^^^^^^^^^^^^^^^^^^^^^^^^^^^
  File "D:\ALL SEMESTERS\Year two\Year2 Recess\Final_Project\soils-sense\.venv\Lib\site-packages\django\db\models\manager.py", line 87, in manager_method
    return getattr(self.get_queryset(), name)(*args, **kwargs)
           ^^^^^^^^^^^^^^^^^^^^^^^^^^^^^^^^^^^^^^^^^^^^^^^^^^^
  File "D:\ALL SEMESTERS\Year two\Year2 Recess\Final_Project\soils-sense\.venv\Lib\site-packages\django\db\models\query.py", line 629, in get
    num = len(clone)
          ^^^^^^^^^^
  File "D:\ALL SEMESTERS\Year two\Year2 Recess\Final_Project\soils-sense\.venv\Lib\site-packages\django\db\models\query.py", line 366, in __len__
    self._fetch_all()
  File "D:\ALL SEMESTERS\Year two\Year2 Recess\Final_Project\soils-sense\.venv\Lib\site-packages\django\db\models\query.py", line 1949, in _fetch_all
    self._result_cache = list(self._iterable_class(self))
                         ^^^^^^^^^^^^^^^^^^^^^^^^^^^^^^^^
  File "D:\ALL SEMESTERS\Year two\Year2 Recess\Final_Project\soils-sense\.venv\Lib\site-packages\django\db\models\query.py", line 91, in __iter__
    results = compiler.execute_sql(
              ^^^^^^^^^^^^^^^^^^^^^
  File "D:\ALL SEMESTERS\Year two\Year2 Recess\Final_Project\soils-sense\.venv\Lib\site-packages\django\db\models\sql\compiler.py", line 1623, in execute_sql
    cursor.execute(sql, params)
  File "D:\ALL SEMESTERS\Year two\Year2 Recess\Final_Project\soils-sense\.venv\Lib\site-packages\django\db\backends\utils.py", line 122, in execute
    return super().execute(sql, params)
           ^^^^^^^^^^^^^^^^^^^^^^^^^^^^
  File "D:\ALL SEMESTERS\Year two\Year2 Recess\Final_Project\soils-sense\.venv\Lib\site-packages\django\db\backends\utils.py", line 79, in execute
    return self._execute_with_wrappers(
           ^^^^^^^^^^^^^^^^^^^^^^^^^^^^
  File "D:\ALL SEMESTERS\Year two\Year2 Recess\Final_Project\soils-sense\.venv\Lib\site-packages\django\db\backends\utils.py", line 92, in _execute_with_wrappers
    return executor(sql, params, many, context)
           ^^^^^^^^^^^^^^^^^^^^^^^^^^^^^^^^^^^^
  File "D:\ALL SEMESTERS\Year two\Year2 Recess\Final_Project\soils-sense\.venv\Lib\site-packages\django\db\backends\utils.py", line 100, in _execute
    with self.db.wrap_database_errors:
  File "D:\ALL SEMESTERS\Year two\Year2 Recess\Final_Project\soils-sense\.venv\Lib\site-packages\django\db\utils.py", line 91, in __exit__
    raise dj_exc_value.with_traceback(traceback) from exc_value
  File "D:\ALL SEMESTERS\Year two\Year2 Recess\Final_Project\soils-sense\.venv\Lib\site-packages\django\db\backends\utils.py", line 105, in _execute
    return self.cursor.execute(sql, params)
           ^^^^^^^^^^^^^^^^^^^^^^^^^^^^^^^^
  File "D:\ALL SEMESTERS\Year two\Year2 Recess\Final_Project\soils-sense\.venv\Lib\site-packages\django\db\backends\sqlite3\base.py", line 360, in execute
    return super().execute(query, params)
           ^^^^^^^^^^^^^^^^^^^^^^^^^^^^^^
django.db.utils.OperationalError: no such column: authentication_user.reset_code
"POST /authentication/login/ HTTP/1.1" 500 179500
"POST /authentication/login/ HTTP/1.1" 302 0
"GET /farmer/dashboard/ HTTP/1.1" 200 14028
"GET /farmer/notifications/unread-count/ HTTP/1.1" 200 12
"GET /authentication/logout/ HTTP/1.1" 302 0
"GET /landing_page/ HTTP/1.1" 200 9417
"GET /static/images/dashboard.png HTTP/1.1" 404 1987
"GET /static/images/chart-preview.png HTTP/1.1" 404 1999
"GET /authentication/login/ HTTP/1.1" 200 3743
"POST /authentication/login/ HTTP/1.1" 302 0
Internal Server Error: /technician/dashboard/
Traceback (most recent call last):
  File "D:\ALL SEMESTERS\Year two\Year2 Recess\Final_Project\soils-sense\.venv\Lib\site-packages\django\db\backends\utils.py", line 105, in _execute
    return self.cursor.execute(sql, params)
           ^^^^^^^^^^^^^^^^^^^^^^^^^^^^^^^^
  File "D:\ALL SEMESTERS\Year two\Year2 Recess\Final_Project\soils-sense\.venv\Lib\site-packages\django\db\backends\sqlite3\base.py", line 360, in execute
    return super().execute(query, params)
           ^^^^^^^^^^^^^^^^^^^^^^^^^^^^^^
sqlite3.OperationalError: no such table: technician_sensorthreshold

The above exception was the direct cause of the following exception:

Traceback (most recent call last):
  File "D:\ALL SEMESTERS\Year two\Year2 Recess\Final_Project\soils-sense\.venv\Lib\site-packages\django\core\handlers\exception.py", line 55, in inner
    response = get_response(request)
               ^^^^^^^^^^^^^^^^^^^^^
  File "D:\ALL SEMESTERS\Year two\Year2 Recess\Final_Project\soils-sense\.venv\Lib\site-packages\django\core\handlers\base.py", line 197, in _get_response
    response = wrapped_callback(request, *callback_args, **callback_kwargs)
               ^^^^^^^^^^^^^^^^^^^^^^^^^^^^^^^^^^^^^^^^^^^^^^^^^^^^^^^^^^^^
  File "D:\ALL SEMESTERS\Year two\Year2 Recess\Final_Project\soils-sense\apps\technician\views.py", line 149, in dashboard
    threshold_count = SensorThreshold.objects.count()
                      ^^^^^^^^^^^^^^^^^^^^^^^^^^^^^^^
  File "D:\ALL SEMESTERS\Year two\Year2 Recess\Final_Project\soils-sense\.venv\Lib\site-packages\django\db\models\manager.py", line 87, in manager_method
    return getattr(self.get_queryset(), name)(*args, **kwargs)
           ^^^^^^^^^^^^^^^^^^^^^^^^^^^^^^^^^^^^^^^^^^^^^^^^^^^
  File "D:\ALL SEMESTERS\Year two\Year2 Recess\Final_Project\soils-sense\.venv\Lib\site-packages\django\db\models\query.py", line 604, in count
    return self.query.get_count(using=self.db)
           ^^^^^^^^^^^^^^^^^^^^^^^^^^^^^^^^^^^
  File "D:\ALL SEMESTERS\Year two\Year2 Recess\Final_Project\soils-sense\.venv\Lib\site-packages\django\db\models\sql\query.py", line 644, in get_count
    return obj.get_aggregation(using, {"__count": Count("*")})["__count"]
           ^^^^^^^^^^^^^^^^^^^^^^^^^^^^^^^^^^^^^^^^^^^^^^^^^^^
  File "D:\ALL SEMESTERS\Year two\Year2 Recess\Final_Project\soils-sense\.venv\Lib\site-packages\django\db\models\sql\query.py", line 626, in get_aggregation
    result = compiler.execute_sql(SINGLE)
             ^^^^^^^^^^^^^^^^^^^^^^^^^^^^
  File "D:\ALL SEMESTERS\Year two\Year2 Recess\Final_Project\soils-sense\.venv\Lib\site-packages\django\db\models\sql\compiler.py", line 1623, in execute_sql
    cursor.execute(sql, params)
  File "D:\ALL SEMESTERS\Year two\Year2 Recess\Final_Project\soils-sense\.venv\Lib\site-packages\django\db\backends\utils.py", line 122, in execute
    return super().execute(sql, params)
           ^^^^^^^^^^^^^^^^^^^^^^^^^^^^
  File "D:\ALL SEMESTERS\Year two\Year2 Recess\Final_Project\soils-sense\.venv\Lib\site-packages\django\db\backends\utils.py", line 79, in execute
    return self._execute_with_wrappers(
           ^^^^^^^^^^^^^^^^^^^^^^^^^^^^
  File "D:\ALL SEMESTERS\Year two\Year2 Recess\Final_Project\soils-sense\.venv\Lib\site-packages\django\db\backends\utils.py", line 92, in _execute_with_wrappers
    return executor(sql, params, many, context)
           ^^^^^^^^^^^^^^^^^^^^^^^^^^^^^^^^^^^^
  File "D:\ALL SEMESTERS\Year two\Year2 Recess\Final_Project\soils-sense\.venv\Lib\site-packages\django\db\backends\utils.py", line 100, in _execute
    with self.db.wrap_database_errors:
  File "D:\ALL SEMESTERS\Year two\Year2 Recess\Final_Project\soils-sense\.venv\Lib\site-packages\django\db\utils.py", line 91, in __exit__
    raise dj_exc_value.with_traceback(traceback) from exc_value
  File "D:\ALL SEMESTERS\Year two\Year2 Recess\Final_Project\soils-sense\.venv\Lib\site-packages\django\db\backends\utils.py", line 105, in _execute
    return self.cursor.execute(sql, params)
           ^^^^^^^^^^^^^^^^^^^^^^^^^^^^^^^^
  File "D:\ALL SEMESTERS\Year two\Year2 Recess\Final_Project\soils-sense\.venv\Lib\site-packages\django\db\backends\sqlite3\base.py", line 360, in execute
    return super().execute(query, params)
           ^^^^^^^^^^^^^^^^^^^^^^^^^^^^^^
django.db.utils.OperationalError: no such table: technician_sensorthreshold
"GET /technician/dashboard/ HTTP/1.1" 500 143363
"GET /technician/dashboard/ HTTP/1.1" 200 22036
"GET /technician/farm-locations/ HTTP/1.1" 200 14233
"GET /technician/soil-readings/ HTTP/1.1" 200 12217
"GET /technician/models/ HTTP/1.1" 200 10934
"GET /technician/analytics/ HTTP/1.1" 200 16525
"GET /technician/models/ HTTP/1.1" 200 10934
"GET /technician/profile/ HTTP/1.1" 200 19557
"GET /technician/reports/ HTTP/1.1" 200 15740
"GET /technician/prediction/1/download-pdf/ HTTP/1.1" 200 2766
"GET /technician/prediction/1/download-pdf/ HTTP/1.1" 200 2766
- Broken pipe from ('127.0.0.1', 54090)
"GET /authentication/logout/ HTTP/1.1" 302 0
"GET /landing_page/ HTTP/1.1" 200 9417
"GET /static/images/dashboard.png HTTP/1.1" 404 1987
"GET /static/images/chart-preview.png HTTP/1.1" 404 1999
"GET /authentication/signup/ HTTP/1.1" 200 5012
"GET /authentication/login/ HTTP/1.1" 200 3743
"POST /authentication/login/ HTTP/1.1" 302 0
"GET /administrator/ HTTP/1.1" 200 6479
"GET /administrator/ HTTP/1.1" 200 6479
"GET /administrator/users/ HTTP/1.1" 200 27921
Not Found: /media/users/profile_images/default.webp
Not Found: /media/users/profiles/default.webp
"GET /media/users/profiles/default.webp HTTP/1.1" 404 4242
"GET /media/users/profile_images/default.webp HTTP/1.1" 404 4266
"GET /static/images/default.webp HTTP/1.1" 404 1984
Not Found: /media/users/profile_images/default.webp
"GET /media/users/profile_images/default.webp HTTP/1.1" 404 4266
"GET /static/images/default.webp HTTP/1.1" 404 1984
"GET /administrator/ml-models/ HTTP/1.1" 200 19791
"GET /administrator/data/ HTTP/1.1" 200 6322
"GET /administrator/reports/ HTTP/1.1" 200 6129
"GET /administrator/notifications/ HTTP/1.1" 200 6376
"GET /administrator/sensors/ HTTP/1.1" 200 6335
D:\ALL SEMESTERS\Year two\Year2 Recess\Final_Project\soils-sense\apps\administrator\views.py changed, reloading.
Watching for file changes with StatReloader
"GET /administrator/sensors/ HTTP/1.1" 200 6590
"GET /static/images/logo.png HTTP/1.1" 404 1972
"GET /administrator/users/ HTTP/1.1" 200 26397
"GET /static/images/logo.png HTTP/1.1" 404 1972
Not Found: /media/users/profile_images/default.webp
"GET /media/users/profile_images/default.webp HTTP/1.1" 404 4266
"GET /static/images/default.webp HTTP/1.1" 404 1984
Not Found: /media/users/profile_images/default.webp
"GET /media/users/profile_images/default.webp HTTP/1.1" 404 4266
"GET /static/images/default.webp HTTP/1.1" 404 1984
"GET /administrator/ml-models/ HTTP/1.1" 200 20911
"GET /static/images/logo.png HTTP/1.1" 404 1972
"GET /administrator/ml-models/irrigation_recommendation/?algorithm=gradient_boosting HTTP/1.1" 200 11019
"GET /static/images/logo.png HTTP/1.1" 404 1972
"GET /administrator/users/ HTTP/1.1" 200 26397
Not Found: /media/users/profile_images/default.webp
"GET /static/images/logo.png HTTP/1.1" 404 1972
"GET /media/users/profile_images/default.webp HTTP/1.1" 404 4266
"GET /static/images/default.webp HTTP/1.1" 404 1984
Not Found: /media/users/profile_images/default.webp
"GET /media/users/profile_images/default.webp HTTP/1.1" 404 4266
"GET /static/images/default.webp HTTP/1.1" 404 1984
"GET /administrator/users/1/ HTTP/1.1" 200 18170
Not Found: /media/users/profile_images/default.webp
"GET /static/images/logo.png HTTP/1.1" 404 1972
"GET /media/users/profile_images/default.webp HTTP/1.1" 404 4266
"GET /static/images/default.webp HTTP/1.1" 404 1984
"GET /administrator/ml-models/ HTTP/1.1" 200 26849
"GET /static/images/logo.png HTTP/1.1" 404 1972
"GET /administrator/data/ HTTP/1.1" 200 6577
"GET /static/images/logo.png HTTP/1.1" 404 1972
"GET /administrator/ml-models/ HTTP/1.1" 200 26849
"GET /static/images/logo.png HTTP/1.1" 404 1972
"GET /administrator/ml-models/ HTTP/1.1" 200 26849
"GET /static/images/logo.png HTTP/1.1" 404 1972
"GET /administrator/ml-models/irrigation_recommendation/?algorithm=gradient_boosting HTTP/1.1" 200 21781
"GET /static/images/logo.png HTTP/1.1" 404 1972
"GET /administrator/users/ HTTP/1.1" 200 26397
Not Found: /media/users/profile_images/default.webp
"GET /static/images/logo.png HTTP/1.1" 404 1972
"GET /media/users/profile_images/default.webp HTTP/1.1" 404 4266
"GET /static/images/default.webp HTTP/1.1" 404 1984
Not Found: /media/users/profile_images/default.webp
"GET /media/users/profile_images/default.webp HTTP/1.1" 404 4266
"GET /static/images/default.webp HTTP/1.1" 404 1984
"GET /admin HTTP/1.1" 301 0
"GET /admin/ HTTP/1.1" 200 18354
"GET /static/jazzmin/css/main.css HTTP/1.1" 200 16969
"GET /static/vendor/fontawesome-free/css/all.min.css HTTP/1.1" 200 103009
"GET /static/vendor/adminlte/css/adminlte.min.css HTTP/1.1" 200 1382975
"GET /static/vendor/adminlte/img/AdminLTELogo.png HTTP/1.1" 200 2637
"GET /static/vendor/bootstrap/js/bootstrap.min.js HTTP/1.1" 200 62440
"GET /static/admin/js/vendor/jquery/jquery.js HTTP/1.1" 200 285314
"GET /static/vendor/adminlte/js/adminlte.min.js HTTP/1.1" 200 44244
"GET /static/jazzmin/js/main.js HTTP/1.1" 200 2391
"GET /static/vendor/fontawesome-free/webfonts/fa-regular-400.woff2 HTTP/1.1" 200 25392
"GET /static/vendor/fontawesome-free/webfonts/fa-solid-900.woff2 HTTP/1.1" 200 156400
"GET /farmer/predictions/ HTTP/1.1" 200 18067
"GET /farmer/notifications/unread-count/ HTTP/1.1" 200 12
"GET /farmer/notifications/unread-count/ HTTP/1.1" 200 12
"GET /farmer/notifications/unread-count/ HTTP/1.1" 200 12
"GET /farmer/notifications/unread-count/ HTTP/1.1" 200 12
"GET /farmer/notifications/unread-count/ HTTP/1.1" 200 12
D:\ALL SEMESTERS\Year two\Year2 Recess\Final_Project\soils-sense\apps\farmer\urls.py changed, reloading.
Watching for file changes with StatReloader
D:\ALL SEMESTERS\Year two\Year2 Recess\Final_Project\soils-sense\apps\farmer\urls.py changed, reloading.
Watching for file changes with StatReloader
D:\ALL SEMESTERS\Year two\Year2 Recess\Final_Project\soils-sense\apps\farmer\urls.py changed, reloading.
Watching for file changes with StatReloader
D:\ALL SEMESTERS\Year two\Year2 Recess\Final_Project\soils-sense\apps\farmer\views.py changed, reloading.
Watching for file changes with StatReloader
D:\ALL SEMESTERS\Year two\Year2 Recess\Final_Project\soils-sense\apps\farmer\views.py changed, reloading.
Watching for file changes with StatReloader
D:\ALL SEMESTERS\Year two\Year2 Recess\Final_Project\soils-sense\apps\farmer\views.py changed, reloading.
Watching for file changes with StatReloader
D:\ALL SEMESTERS\Year two\Year2 Recess\Final_Project\soils-sense\apps\farmer\views.py changed, reloading.
Watching for file changes with StatReloader
"GET /farmer/notifications/unread-count/ HTTP/1.1" 200 12
"GET /farmer/notifications/unread-count/ HTTP/1.1" 200 12
D:\ALL SEMESTERS\Year two\Year2 Recess\Final_Project\soils-sense\apps\farmer\views.py changed, reloading.
Watching for file changes with StatReloader
"GET /farmer/notifications/unread-count/ HTTP/1.1" 200 12
D:\ALL SEMESTERS\Year two\Year2 Recess\Final_Project\soils-sense\apps\farmer\views.py changed, reloading.
Watching for file changes with StatReloader
D:\ALL SEMESTERS\Year two\Year2 Recess\Final_Project\soils-sense\apps\farmer\views.py changed, reloading.
Watching for file changes with StatReloader
D:\ALL SEMESTERS\Year two\Year2 Recess\Final_Project\soils-sense\apps\farmer\views.py changed, reloading.
Watching for file changes with StatReloader
"GET /farmer/notifications/unread-count/ HTTP/1.1" 200 12
Forbidden: /farmer/predictions/
"GET /farmer/predictions/ HTTP/1.1" 403 47
"GET /admin/ HTTP/1.1" 200 18354
"GET /administrator/users/ HTTP/1.1" 200 26397
Not Found: /media/users/profile_images/default.webp
"GET /static/images/logo.png HTTP/1.1" 404 1972
"GET /media/users/profile_images/default.webp HTTP/1.1" 404 4266
"GET /static/images/default.webp HTTP/1.1" 404 1984
Not Found: /media/users/profile_images/default.webp
"GET /media/users/profile_images/default.webp HTTP/1.1" 404 4266
"GET /static/images/default.webp HTTP/1.1" 404 1984
"GET /authentication/logout/ HTTP/1.1" 302 0
"GET /landing_page/ HTTP/1.1" 200 9417
"GET /static/images/dashboard.png HTTP/1.1" 404 1987
"GET /static/images/chart-preview.png HTTP/1.1" 404 1999
"GET /farmer/predictions/ HTTP/1.1" 302 0
"GET /authentication/login/?next=/farmer/predictions/ HTTP/1.1" 200 3743
"GET /admin/ HTTP/1.1" 302 0
"GET /admin/login/?next=/admin/ HTTP/1.1" 200 3065
"GET /administrator/users/ HTTP/1.1" 302 0
"GET /authentication/login/?next=/administrator/users/ HTTP/1.1" 200 3743
"POST /authentication/login/ HTTP/1.1" 302 0
"GET /administrator/ HTTP/1.1" 200 6734
"GET /static/images/logo.png HTTP/1.1" 404 1972
D:\ALL SEMESTERS\Year two\Year2 Recess\Final_Project\soils-sense\authentication\views.py changed, reloading.
Watching for file changes with StatReloader
"GET /administrator/ml-models/ HTTP/1.1" 200 26849
"GET /static/images/logo.png HTTP/1.1" 404 1972
"GET /administrator/ml-models/irrigation_recommendation/?algorithm=gradient_boosting HTTP/1.1" 200 21781
"GET /static/images/logo.png HTTP/1.1" 404 1972
"GET /administrator/ HTTP/1.1" 200 6734
"GET /static/images/logo.png HTTP/1.1" 404 1972
"GET /administrator/ml-models/ HTTP/1.1" 200 26849
"GET /static/images/logo.png HTTP/1.1" 404 1972
Watching for file changes with StatReloader
"GET / HTTP/1.1" 200 9505
"GET / HTTP/1.1" 200 9505
"GET /static/images/dashboard.png HTTP/1.1" 404 1987
"GET /static/images/dashboard.png HTTP/1.1" 404 1987
"GET /static/images/chart-preview.png HTTP/1.1" 404 1999
"GET /static/images/chart-preview.png HTTP/1.1" 404 1999
Not Found: /favicon.ico
"GET /favicon.ico HTTP/1.1" 404 4081
"GET /authentication/signup/ HTTP/1.1" 200 5012
"GET / HTTP/1.1" 200 9505
"GET /static/images/dashboard.png HTTP/1.1" 404 1987
"GET /static/images/chart-preview.png HTTP/1.1" 404 1999
"GET / HTTP/1.1" 200 9556
"GET /static/images/dashboard.png HTTP/1.1" 404 1987
"GET /static/images/chart-preview.png HTTP/1.1" 404 1999
"GET / HTTP/1.1" 200 9556
"GET /static/images/dashboard.png HTTP/1.1" 404 1987
"GET /static/images/chart-preview.png HTTP/1.1" 404 1999
"GET / HTTP/1.1" 200 9556
"GET /static/images/dashboard.png HTTP/1.1" 404 1987
"GET /static/images/chart-preview.png HTTP/1.1" 404 1999
"GET / HTTP/1.1" 200 9556
"GET /static/images/dashboard.png HTTP/1.1" 404 1987
"GET /static/images/chart-preview.png HTTP/1.1" 404 1999
"GET / HTTP/1.1" 200 8907
"GET /static/images/dashboard.png HTTP/1.1" 404 1987
"GET /static/images/chart-preview.png HTTP/1.1" 404 1999
"GET / HTTP/1.1" 200 8907
"GET /static/images/dashboard.png HTTP/1.1" 404 1987
"GET /static/images/chart-preview.png HTTP/1.1" 404 1999
"GET / HTTP/1.1" 200 9571
"GET /static/images/dashboard.png HTTP/1.1" 404 1987
"GET /static/images/chart-preview.png HTTP/1.1" 404 1999
"GET /static/images/lady.jpg HTTP/1.1" 200 1017834
"GET /static/images/lady3.jpg HTTP/1.1" 200 859813
"GET /static/images/ladyone.jpg HTTP/1.1" 200 911834
"GET / HTTP/1.1" 200 9570
"GET /static/images/dashboard.png HTTP/1.1" 404 1987
"GET /static/images/chart-preview.png HTTP/1.1" 404 1999
"GET /static/images/wheat.jpg HTTP/1.1" 200 1094218
"GET / HTTP/1.1" 200 9821
"GET /static/images/dashboard.png HTTP/1.1" 404 1987
"GET /static/images/chart-preview.png HTTP/1.1" 404 1999
"GET /static/images/lady.jpg HTTP/1.1" 304 0
"GET /static/images/lady3.jpg HTTP/1.1" 304 0
"GET /static/images/ladyone.jpg HTTP/1.1" 304 0
Watching for file changes with StatReloader
"GET / HTTP/1.1" 200 9821
"GET /static/images/dashboard.png HTTP/1.1" 404 1987
"GET /static/images/chart-preview.png HTTP/1.1" 404 1999
Not Found: /favicon.ico
"GET /favicon.ico HTTP/1.1" 404 4081
"GET /static/images/wheat.jpg HTTP/1.1" 304 0
"GET /static/images/lady.jpg HTTP/1.1" 304 0
"GET /static/images/lady3.jpg HTTP/1.1" 200 859813
"GET /static/images/ladyone.jpg HTTP/1.1" 304 0
Watching for file changes with StatReloader
"GET / HTTP/1.1" 200 9821
"GET /static/images/slide1.jpg HTTP/1.1" 304 0
"GET /static/images/dashboard.png HTTP/1.1" 404 1987
"GET /static/images/chart-preview.png HTTP/1.1" 404 1999
Not Found: /favicon.ico
"GET /favicon.ico HTTP/1.1" 404 4081
"GET /static/images/wheat.jpg HTTP/1.1" 304 0
"GET /static/images/lady.jpg HTTP/1.1" 304 0
"GET /static/images/lady3.jpg HTTP/1.1" 304 0
"GET /static/images/ladyone.jpg HTTP/1.1" 304 0
Watching for file changes with StatReloader
"GET / HTTP/1.1" 200 9821
"GET /static/images/dashboard.png HTTP/1.1" 404 1987
"GET /static/images/chart-preview.png HTTP/1.1" 404 1999
"GET / HTTP/1.1" 200 9813
"GET /static/images/dashboard.png HTTP/1.1" 404 1987
"GET /static/images/chart-preview.png HTTP/1.1" 404 1999
"GET / HTTP/1.1" 200 9814
"GET /static/images/dashboard.png HTTP/1.1" 404 1987
"GET /static/images/chart-preview.png HTTP/1.1" 404 1999
"GET / HTTP/1.1" 200 9815
"GET /static/images/dashboard.png HTTP/1.1" 404 1987
"GET /static/images/chart-preview.png HTTP/1.1" 404 1999
"GET / HTTP/1.1" 200 9821
"GET /static/images/dashboard.png HTTP/1.1" 404 1987
"GET /static/images/chart-preview.png HTTP/1.1" 404 1999
"GET / HTTP/1.1" 200 9821
"GET /static/images/dashboard.png HTTP/1.1" 404 1987
"GET /static/images/chart-preview.png HTTP/1.1" 404 1999
"GET / HTTP/1.1" 200 9821
"GET /static/images/dashboard.png HTTP/1.1" 404 1987
"GET /static/images/chart-preview.png HTTP/1.1" 404 1999
"GET / HTTP/1.1" 200 9821
"GET /static/images/dashboard.png HTTP/1.1" 404 1987
"GET /static/images/chart-preview.png HTTP/1.1" 404 1999
"GET / HTTP/1.1" 200 9821
"GET /static/images/dashboard.png HTTP/1.1" 404 1987
"GET /static/images/chart-preview.png HTTP/1.1" 404 1999
"GET / HTTP/1.1" 200 9867
"GET /static/images/dashboard.png HTTP/1.1" 404 1987
"GET /static/images/chart-preview.png HTTP/1.1" 404 1999
"GET / HTTP/1.1" 200 10783
"GET /static/images/dashboard.png HTTP/1.1" 404 1987
"GET /static/images/chart-preview.png HTTP/1.1" 404 1999
"GET / HTTP/1.1" 200 12339
"GET /static/images/dashboard.png HTTP/1.1" 404 1987
"GET /static/images/chart-preview.png HTTP/1.1" 404 1999
"GET / HTTP/1.1" 200 13120
"GET /static/images/dashboard.png HTTP/1.1" 404 1987
"GET /static/images/chart-preview.png HTTP/1.1" 404 1999
"GET / HTTP/1.1" 200 13111
"GET /static/images/dashboard.png HTTP/1.1" 404 1987
"GET /static/images/chart-preview.png HTTP/1.1" 404 1999
"GET / HTTP/1.1" 200 13111
"GET /static/images/dashboard.png HTTP/1.1" 404 1987
"GET /static/images/chart-preview.png HTTP/1.1" 404 1999
"GET / HTTP/1.1" 200 14497
"GET /static/images/dashboard.png HTTP/1.1" 404 1987
"GET /static/images/chart-preview.png HTTP/1.1" 404 1999
"GET / HTTP/1.1" 200 14793
"GET /static/images/dashboard.png HTTP/1.1" 404 1987
"GET /static/images/chart-preview.png HTTP/1.1" 404 1999
"GET / HTTP/1.1" 200 14793
"GET /static/images/dashboard.png HTTP/1.1" 404 1987
"GET /static/images/chart-preview.png HTTP/1.1" 404 1999
"GET / HTTP/1.1" 200 16853
"GET /static/images/dashboard.png HTTP/1.1" 404 1987
"GET /static/images/chart-preview.png HTTP/1.1" 404 1999
"GET /static/images/garden2.jpg HTTP/1.1" 200 4417134
"GET / HTTP/1.1" 200 18837
"GET /static/images/dashboard.png HTTP/1.1" 404 1987
"GET /static/images/chart-preview.png HTTP/1.1" 404 1999
"GET / HTTP/1.1" 200 18877
"GET /static/images/dashboard.png HTTP/1.1" 404 1987
"GET /static/images/chart-preview.png HTTP/1.1" 404 1999
"GET / HTTP/1.1" 200 20004
"GET /static/images/dashboard.png HTTP/1.1" 404 1987
"GET /static/images/chart-preview.png HTTP/1.1" 404 1999
"GET / HTTP/1.1" 200 20004
"GET /static/images/dashboard.png HTTP/1.1" 404 1987
"GET /static/images/chart-preview.png HTTP/1.1" 404 1999
"GET / HTTP/1.1" 200 20004
"GET /static/images/dashboard.png HTTP/1.1" 404 1987
"GET /static/images/chart-preview.png HTTP/1.1" 404 1999
"GET / HTTP/1.1" 200 20004
"GET /static/images/dashboard.png HTTP/1.1" 404 1987
"GET /static/images/chart-preview.png HTTP/1.1" 404 1999
"GET / HTTP/1.1" 200 14667
"GET /static/images/dashboard.png HTTP/1.1" 404 1987
"GET /static/images/chart-preview.png HTTP/1.1" 404 1999
"GET / HTTP/1.1" 200 14669
"GET /static/images/dashboard.png HTTP/1.1" 404 1987
"GET /static/images/chart-preview.png HTTP/1.1" 404 1999
"GET / HTTP/1.1" 200 14869
"GET /static/images/dashboard.png HTTP/1.1" 404 1987
"GET /static/images/chart-preview.png HTTP/1.1" 404 1999
"GET /about HTTP/1.1" 301 0
"GET /about/ HTTP/1.1" 200 4911
"GET /contact HTTP/1.1" 301 0
"GET /contact/ HTTP/1.1" 200 4708
"GET /about/ HTTP/1.1" 200 4911
"GET /contact/ HTTP/1.1" 200 4708
"GET /about/ HTTP/1.1" 200 4911
"GET /contact/ HTTP/1.1" 200 4708
"GET /authentication/login/ HTTP/1.1" 200 2899
"GET /static/images/logo.webp HTTP/1.1" 304 0
"POST /authentication/login/ HTTP/1.1" 302 0
"GET /administrator/ HTTP/1.1" 200 6734
"GET /static/images/logo.png HTTP/1.1" 404 1972
"GET /administrator/ HTTP/1.1" 200 6734
"GET /static/images/logo.png HTTP/1.1" 404 1972
"GET /administrator/ml-models/ HTTP/1.1" 200 27000
"GET /static/images/logo.png HTTP/1.1" 404 1972
"GET /administrator/sensors/ HTTP/1.1" 200 6590
"GET /static/images/logo.png HTTP/1.1" 404 1972
"GET /administrator/notifications/ HTTP/1.1" 200 6631
"GET /static/images/logo.png HTTP/1.1" 404 1972
"GET /administrator/reports/ HTTP/1.1" 200 6384
"GET /static/images/logo.png HTTP/1.1" 404 1972
"GET /administrator/data/ HTTP/1.1" 200 6577
"GET /static/images/logo.png HTTP/1.1" 404 1972
"GET /administrator/ml-models/ HTTP/1.1" 200 27000
"GET /static/images/logo.png HTTP/1.1" 404 1972
"GET /authentication/logout/ HTTP/1.1" 302 0
"GET /landing_page/ HTTP/1.1" 200 14869
"GET /static/images/dashboard.png HTTP/1.1" 404 1987
"GET /static/images/chart-preview.png HTTP/1.1" 404 1999
"GET /landing_page/ HTTP/1.1" 200 15543
"GET /static/images/dashboard.png HTTP/1.1" 404 1987
"GET /static/images/chart-preview.png HTTP/1.1" 404 1999
"GET /landing_page/ HTTP/1.1" 200 15591
"GET /static/images/dashboard.png HTTP/1.1" 404 1987
"GET /static/images/chart-preview.png HTTP/1.1" 404 1999
"GET /landing_page/ HTTP/1.1" 200 15662
"GET /static/images/dashboard.png HTTP/1.1" 404 1987
"GET /static/images/chart-preview.png HTTP/1.1" 404 1999
"GET /landing_page/ HTTP/1.1" 200 15662
"GET /static/images/dashboard.png HTTP/1.1" 404 1987
"GET /static/images/chart-preview.png HTTP/1.1" 404 1999
"GET /landing_page/ HTTP/1.1" 200 15668
"GET /static/images/dashboard.png HTTP/1.1" 404 1987
"GET /static/images/chart-preview.png HTTP/1.1" 404 1999
"GET /landing_page/ HTTP/1.1" 200 15667
"GET /static/images/dashboard.png HTTP/1.1" 404 1987
"GET /static/images/chart-preview.png HTTP/1.1" 404 1999
"GET /landing_page/ HTTP/1.1" 200 15667
"GET /static/images/dashboard.png HTTP/1.1" 404 1987
"GET /static/images/chart-preview.png HTTP/1.1" 404 1999
"GET /static/images/slide1.jpg HTTP/1.1" 200 100505
"GET /static/images/lady.jpg HTTP/1.1" 200 1017834
"GET /static/images/lady3.jpg HTTP/1.1" 200 859813
"GET /landing_page/ HTTP/1.1" 200 15667
"GET /static/images/dashboard.png HTTP/1.1" 404 1987
"GET /static/images/chart-preview.png HTTP/1.1" 404 1999
"GET /static/images/slide1.jpg HTTP/1.1" 200 100505
"GET /static/images/garden2.jpg HTTP/1.1" 200 4417134
"GET /static/images/lady.jpg HTTP/1.1" 200 1017834
"GET /static/images/slide1.jpg HTTP/1.1" 200 100505
"GET /static/images/garden2.jpg HTTP/1.1" 200 4417134
"GET /static/images/slide1.jpg HTTP/1.1" 200 100505
"GET /static/images/garden2.jpg HTTP/1.1" 200 4417134
"GET /static/images/lady.jpg HTTP/1.1" 200 1017834
"GET /landing_page/ HTTP/1.1" 200 15667
"GET /static/images/dashboard.png HTTP/1.1" 404 1987
"GET /static/images/chart-preview.png HTTP/1.1" 404 1999
"GET /authentication/login/ HTTP/1.1" 200 2899
"POST /authentication/login/ HTTP/1.1" 302 0
"GET /farmer/dashboard/ HTTP/1.1" 200 15566
"GET /farmer/notifications/unread-count/ HTTP/1.1" 200 12
"GET /farmer/farm-management/ HTTP/1.1" 200 33357
"GET /farmer/notifications/unread-count/ HTTP/1.1" 200 12
"GET /farmer/soil-data/ HTTP/1.1" 200 31952
"GET /farmer/notifications/unread-count/ HTTP/1.1" 200 12
"GET /farmer/predictions/ HTTP/1.1" 200 22845
"GET /farmer/notifications/unread-count/ HTTP/1.1" 200 12
"GET /authentication/logout/ HTTP/1.1" 302 0
"GET /landing_page/ HTTP/1.1" 200 15667
"GET /static/images/dashboard.png HTTP/1.1" 404 1987
"GET /static/images/chart-preview.png HTTP/1.1" 404 1999
"GET /authentication/login/ HTTP/1.1" 200 2899
"POST /authentication/login/ HTTP/1.1" 302 0
"GET /technician/dashboard/ HTTP/1.1" 200 22036
"GET /technician/farm-locations/ HTTP/1.1" 200 14233
"GET /technician/soil-readings/ HTTP/1.1" 200 12217
"GET /technician/sensors/ HTTP/1.1" 200 9472
"GET /technician/models/ HTTP/1.1" 200 14885
"GET /technician/analytics/ HTTP/1.1" 200 16525
"GET /technician/reports/ HTTP/1.1" 200 15740
"GET /technician/profile/ HTTP/1.1" 200 19557
"GET /technician/settings/ HTTP/1.1" 200 17320
"GET /technician/dashboard/ HTTP/1.1" 200 22036
"GET /authentication/logout/ HTTP/1.1" 302 0
"GET /landing_page/ HTTP/1.1" 200 15667
"GET /static/images/dashboard.png HTTP/1.1" 404 1987
"GET /static/images/chart-preview.png HTTP/1.1" 404 1999
"GET /static/images/ladyone.jpg HTTP/1.1" 304 0
"GET /authentication/login/ HTTP/1.1" 200 2899
"POST /authentication/login/ HTTP/1.1" 302 0
"GET /technician/dashboard/ HTTP/1.1" 200 22036
"GET /technician/models/ HTTP/1.1" 200 14885
"GET /authentication/logout/ HTTP/1.1" 302 0
"GET /landing_page/ HTTP/1.1" 200 15667
"GET /static/images/dashboard.png HTTP/1.1" 404 1987
"GET /static/images/chart-preview.png HTTP/1.1" 404 1999
"GET /authentication/login/ HTTP/1.1" 200 2899
"POST /authentication/login/ HTTP/1.1" 302 0
"GET /farmer/dashboard/ HTTP/1.1" 200 15566
"GET /farmer/notifications/unread-count/ HTTP/1.1" 200 12
"GET /farmer/soil-data/ HTTP/1.1" 200 31952
"GET /farmer/notifications/unread-count/ HTTP/1.1" 200 12
"GET /farmer/soil-data/ HTTP/1.1" 200 31952
"GET /farmer/notifications/unread-count/ HTTP/1.1" 200 12
"GET /farmer/soil-data/ HTTP/1.1" 200 31952
"GET /farmer/notifications/unread-count/ HTTP/1.1" 200 12
"GET /farmer/notifications/unread-count/ HTTP/1.1" 200 12
"GET /farmer/notifications/unread-count/ HTTP/1.1" 200 12
"GET /farmer/soil-data/ HTTP/1.1" 200 31952
"GET /farmer/notifications/unread-count/ HTTP/1.1" 200 12
"GET /farmer/notifications/unread-count/ HTTP/1.1" 200 12
"GET /farmer/notifications/unread-count/ HTTP/1.1" 200 12
"GET /farmer/notifications/unread-count/ HTTP/1.1" 200 12
"GET /farmer/notifications/unread-count/ HTTP/1.1" 200 12
"GET /farmer/notifications/unread-count/ HTTP/1.1" 200 12
"GET /farmer/notifications/ HTTP/1.1" 200 9636
"GET /farmer/notifications/unread-count/ HTTP/1.1" 200 12
"GET /farmer/notifications/ HTTP/1.1" 200 9636
"GET /farmer/notifications/unread-count/ HTTP/1.1" 200 12
"GET /farmer/notifications/unread-count/ HTTP/1.1" 200 12
"GET /farmer/notifications/unread-count/ HTTP/1.1" 200 12
"GET /farmer/notifications/unread-count/ HTTP/1.1" 200 12
"GET /farmer/notifications/unread-count/ HTTP/1.1" 200 12
"GET /farmer/notifications/unread-count/ HTTP/1.1" 200 12
"GET /farmer/notifications/unread-count/ HTTP/1.1" 200 12
"GET /farmer/notifications/unread-count/ HTTP/1.1" 200 12
"GET /farmer/farm-management/ HTTP/1.1" 200 33357
"GET /farmer/notifications/unread-count/ HTTP/1.1" 200 12
"GET /farmer/predictions/ HTTP/1.1" 200 22845
"GET /farmer/notifications/unread-count/ HTTP/1.1" 200 12
"GET /farmer/analytics/ HTTP/1.1" 200 20973
"GET /farmer/notifications/unread-count/ HTTP/1.1" 200 12
"GET /farmer/recommendations/ HTTP/1.1" 200 17660
"GET /farmer/notifications/unread-count/ HTTP/1.1" 200 12
"GET /farmer/analytics/ HTTP/1.1" 200 20973
"GET /farmer/notifications/unread-count/ HTTP/1.1" 200 12
"GET /farmer/predictions/ HTTP/1.1" 200 22845
"GET /farmer/notifications/unread-count/ HTTP/1.1" 200 12
"GET /farmer/soil-data/ HTTP/1.1" 200 31952
"GET /farmer/notifications/unread-count/ HTTP/1.1" 200 12
"GET /farmer/farm-management/ HTTP/1.1" 200 33357
"GET /farmer/notifications/unread-count/ HTTP/1.1" 200 12
"GET /farmer/dashboard/ HTTP/1.1" 200 15566
"GET /farmer/notifications/unread-count/ HTTP/1.1" 200 12
"GET /farmer/notifications/unread-count/ HTTP/1.1" 200 12
D:\ALL SEMESTERS\Year two\Year2 Recess\Final_Project\soils-sense\apps\farmer\views.py changed, reloading.
Watching for file changes with StatReloader
"GET /farmer/dashboard/ HTTP/1.1" 200 24842
"GET /farmer/notifications/unread-count/ HTTP/1.1" 200 12
"GET /farmer/farm-management/ HTTP/1.1" 200 33357
"GET /farmer/notifications/unread-count/ HTTP/1.1" 200 12
"GET /farmer/soil-data/ HTTP/1.1" 200 31952
"GET /farmer/notifications/unread-count/ HTTP/1.1" 200 12
"GET /farmer/predictions/ HTTP/1.1" 200 22851
"GET /farmer/notifications/unread-count/ HTTP/1.1" 200 12
"GET /farmer/analytics/ HTTP/1.1" 200 20973
"GET /farmer/notifications/unread-count/ HTTP/1.1" 200 12
"GET /farmer/recommendations/ HTTP/1.1" 200 17660
"GET /farmer/notifications/unread-count/ HTTP/1.1" 200 12
"GET /farmer/dashboard/ HTTP/1.1" 200 24842
"GET /farmer/notifications/unread-count/ HTTP/1.1" 200 12
"GET /farmer/dashboard/ HTTP/1.1" 200 24842
"GET /farmer/notifications/unread-count/ HTTP/1.1" 200 12
"GET /farmer/dashboard/ HTTP/1.1" 200 24842
"GET /farmer/notifications/unread-count/ HTTP/1.1" 200 12
"GET /farmer/notifications/unread-count/ HTTP/1.1" 200 12
"GET /farmer/dashboard/ HTTP/1.1" 200 24842
"GET /farmer/notifications/unread-count/ HTTP/1.1" 200 12
"GET /authentication/logout/ HTTP/1.1" 302 0
"GET /landing_page/ HTTP/1.1" 200 15667
"GET /static/images/dashboard.png HTTP/1.1" 404 1987
"GET /static/images/chart-preview.png HTTP/1.1" 404 1999
"GET /authentication/login/ HTTP/1.1" 200 2899
"POST /authentication/login/ HTTP/1.1" 302 0
"GET /administrator/ HTTP/1.1" 200 6734
"GET /static/images/logo.png HTTP/1.1" 404 1972
"GET /administrator/ HTTP/1.1" 200 6734
"GET /static/images/logo.png HTTP/1.1" 404 1972
"GET /administrator/users/ HTTP/1.1" 200 26397
"GET /static/images/logo.png HTTP/1.1" 404 1972
Not Found: /media/users/profile_images/default.webp
"GET /media/users/profile_images/default.webp HTTP/1.1" 404 4266
"GET /static/images/default.webp HTTP/1.1" 404 1984
Not Found: /media/users/profile_images/default.webp
"GET /media/users/profile_images/default.webp HTTP/1.1" 404 4266
"GET /static/images/default.webp HTTP/1.1" 404 1984
"GET /administrator/ml-models/ HTTP/1.1" 200 27000
"GET /static/images/logo.png HTTP/1.1" 404 1972
"GET /administrator/data/ HTTP/1.1" 200 6577
"GET /static/images/logo.png HTTP/1.1" 404 1972
"GET /administrator/reports/ HTTP/1.1" 200 6384
"GET /static/images/logo.png HTTP/1.1" 404 1972
"GET /administrator/notifications/ HTTP/1.1" 200 6631
"GET /static/images/logo.png HTTP/1.1" 404 1972
"GET /administrator/sensors/ HTTP/1.1" 200 6590
"GET /static/images/logo.png HTTP/1.1" 404 1972
"GET /authentication/logout/ HTTP/1.1" 302 0
"GET /landing_page/ HTTP/1.1" 200 15667
"GET /static/images/chart-preview.png HTTP/1.1" 404 1999
"GET /static/images/dashboard.png HTTP/1.1" 200 73583
"GET /landing_page/ HTTP/1.1" 200 15659
"GET /static/images/chart.png HTTP/1.1" 200 69919
"GET /landing_page/ HTTP/1.1" 200 16070
"GET /static/images/dashboard.png HTTP/1.1" 304 0
"GET /static/images/chart.png HTTP/1.1" 304 0
"GET /landing_page/ HTTP/1.1" 200 16070
"GET /static/images/slide1.jpg HTTP/1.1" 200 100505
"GET /static/images/dashboard.png HTTP/1.1" 304 0
"GET /static/images/chart.png HTTP/1.1" 304 0
"GET /static/images/lady.jpg HTTP/1.1" 200 1017834
"GET /static/images/lady3.jpg HTTP/1.1" 200 859813
"GET /landing_page/ HTTP/1.1" 200 16070
"GET /static/images/slide1.jpg HTTP/1.1" 200 100505
"GET /static/images/slide1.jpg HTTP/1.1" 200 100505
"GET /static/images/garden2.jpg HTTP/1.1" 200 4417134
"GET /static/images/lady.jpg HTTP/1.1" 200 1017834
"GET /static/images/garden2.jpg HTTP/1.1" 200 4417134
"GET /static/images/lady.jpg HTTP/1.1" 200 1017834
"GET /static/images/slide1.jpg HTTP/1.1" 200 100505
D:\ALL SEMESTERS\Year two\Year2 Recess\Final_Project\soils-sense\soilsense\settings.py changed, reloading.
Watching for file changes with StatReloader
D:\ALL SEMESTERS\Year two\Year2 Recess\Final_Project\soils-sense\soilsense\settings.py changed, reloading.
Watching for file changes with StatReloader
D:\ALL SEMESTERS\Year two\Year2 Recess\Final_Project\soils-sense\soilsense\settings.py changed, reloading.
Watching for file changes with StatReloader
Watching for file changes with StatReloader
"GET / HTTP/1.1" 200 16070
"GET /static/images/dashboard.png HTTP/1.1" 304 0
"GET /static/images/slide1.jpg HTTP/1.1" 200 100505
"GET /static/images/chart.png HTTP/1.1" 304 0
"GET /static/images/garden2.jpg HTTP/1.1" 200 4417134
"GET /static/images/lady.jpg HTTP/1.1" 200 1017834
"GET /authentication/login/ HTTP/1.1" 200 2899
"POST /authentication/login/ HTTP/1.1" 200 2913
"GET /landing_page/ HTTP/1.1" 200 16070
"GET /authentication/signup/ HTTP/1.1" 200 4168
"POST /authentication/signup/ HTTP/1.1" 302 0
"GET /authentication/login/ HTTP/1.1" 200 3184
"POST /authentication/login/ HTTP/1.1" 302 0
"GET /farmer/dashboard/ HTTP/1.1" 200 14273
"GET /farmer/notifications/unread-count/ HTTP/1.1" 200 12
"GET /farmer/farm-management/ HTTP/1.1" 200 30607
"GET /farmer/notifications/unread-count/ HTTP/1.1" 200 12
"GET /farmer/notifications/unread-count/ HTTP/1.1" 200 12
"POST /farmer/add-farm/ HTTP/1.1" 302 0
"GET /farmer/farm-management/ HTTP/1.1" 200 32078
"GET /farmer/notifications/unread-count/ HTTP/1.1" 200 12
"GET /farmer/notifications/unread-count/ HTTP/1.1" 200 12
"GET /farmer/notifications/unread-count/ HTTP/1.1" 200 12
"POST /farmer/add-crop/ HTTP/1.1" 302 0
"GET /farmer/farm-management/ HTTP/1.1" 200 33712
"GET /farmer/notifications/unread-count/ HTTP/1.1" 200 12
"GET /farmer/soil-data/ HTTP/1.1" 200 30773
"GET /farmer/notifications/unread-count/ HTTP/1.1" 200 12
"GET /farmer/notifications/unread-count/ HTTP/1.1" 200 12
"GET /authentication/logout/ HTTP/1.1" 302 0
"GET /landing_page/ HTTP/1.1" 200 16070
"GET /static/images/dashboard.png HTTP/1.1" 304 0
"GET /static/images/chart.png HTTP/1.1" 304 0
"GET /authentication/signup/ HTTP/1.1" 200 4168
"POST /authentication/signup/ HTTP/1.1" 302 0
"GET /authentication/login/ HTTP/1.1" 200 3184
"POST /authentication/login/ HTTP/1.1" 302 0
"GET /technician/dashboard/ HTTP/1.1" 200 22015
"GET /technician/sensors/ HTTP/1.1" 200 9472
"GET /technician/sensors/add/ HTTP/1.1" 200 10095
"POST /technician/sensors/add/ HTTP/1.1" 302 0
"GET /technician/sensors/ HTTP/1.1" 200 9757
"GET /authentication/logout/ HTTP/1.1" 302 0
"GET /landing_page/ HTTP/1.1" 200 16329
"GET /authentication/login/ HTTP/1.1" 200 2899
"POST /authentication/login/ HTTP/1.1" 302 0
"GET /farmer/dashboard/ HTTP/1.1" 200 24881
"GET /farmer/notifications/unread-count/ HTTP/1.1" 200 12
"GET /farmer/predictions/ HTTP/1.1" 200 19798
"GET /farmer/notifications/unread-count/ HTTP/1.1" 200 12
"GET /farmer/soil-data/ HTTP/1.1" 200 33291
"GET /farmer/notifications/unread-count/ HTTP/1.1" 200 12
"GET /farmer/predictions/ HTTP/1.1" 200 19798
"GET /farmer/notifications/unread-count/ HTTP/1.1" 200 12
"GET /farmer/get-latest-readings/1/ HTTP/1.1" 200 199
"POST /farmer/predictions/ HTTP/1.1" 302 0
"GET /farmer/predictions/ HTTP/1.1" 200 23367
"GET /farmer/notifications/unread-count/ HTTP/1.1" 200 12
"GET /farmer/analytics/ HTTP/1.1" 200 21280
"GET /farmer/notifications/unread-count/ HTTP/1.1" 200 12
"GET /farmer/recommendations/ HTTP/1.1" 200 17660
"GET /farmer/notifications/unread-count/ HTTP/1.1" 200 12
"GET /farmer/predictions/ HTTP/1.1" 200 22842
"GET /farmer/notifications/unread-count/ HTTP/1.1" 200 12
"GET /farmer/get-latest-readings/1/ HTTP/1.1" 200 199
"POST /farmer/predictions/ HTTP/1.1" 302 0
"GET /farmer/predictions/ HTTP/1.1" 200 26584
"GET /farmer/notifications/unread-count/ HTTP/1.1" 200 12
"GET /farmer/get-latest-readings/1/ HTTP/1.1" 200 199
"POST /farmer/predictions/ HTTP/1.1" 302 0
"GET /farmer/predictions/ HTTP/1.1" 200 29792
"GET /farmer/notifications/unread-count/ HTTP/1.1" 200 12
"GET /farmer/notifications/unread-count/ HTTP/1.1" 200 12
"GET /farmer/get-latest-readings/1/ HTTP/1.1" 200 196
"POST /farmer/predictions/ HTTP/1.1" 302 0
"GET /farmer/predictions/ HTTP/1.1" 200 33009
"GET /farmer/notifications/unread-count/ HTTP/1.1" 200 12
"GET /farmer/notifications/unread-count/ HTTP/1.1" 200 12
"GET /farmer/notifications/unread-count/ HTTP/1.1" 200 12
"GET /farmer/notifications/unread-count/ HTTP/1.1" 200 12
"GET /authentication/logout/ HTTP/1.1" 302 0
"GET /landing_page/ HTTP/1.1" 200 16070
"GET /static/images/dashboard.png HTTP/1.1" 304 0
"GET /static/images/chart.png HTTP/1.1" 304 0
"GET /authentication/login/ HTTP/1.1" 200 2899
"POST /authentication/login/ HTTP/1.1" 302 0
"GET /administrator/ HTTP/1.1" 200 6734
"GET /static/images/logo.png HTTP/1.1" 404 1972
"GET /administrator/ HTTP/1.1" 200 6734
"GET /static/images/logo.png HTTP/1.1" 404 1972
"GET /administrator/ HTTP/1.1" 200 6734
"GET /static/images/logo.png HTTP/1.1" 404 1972
"GET /authentication/logout/ HTTP/1.1" 302 0
"GET /landing_page/ HTTP/1.1" 200 16070
"GET /static/images/dashboard.png HTTP/1.1" 304 0
"GET /static/images/chart.png HTTP/1.1" 304 0
"GET /authentication/login/ HTTP/1.1" 200 2899
"POST /authentication/login/ HTTP/1.1" 302 0
"GET /administrator/ HTTP/1.1" 200 6734
"GET /static/images/logo.png HTTP/1.1" 404 1972
"GET /administrator/ml-models/ HTTP/1.1" 200 27000
"GET /static/images/logo.png HTTP/1.1" 404 1972
"POST /administrator/ml-models/upload/dataset/ HTTP/1.1" 302 0
"GET /administrator/ml-models/soil_moisture_predictor_random_forest_version_v0.3.1/ HTTP/1.1" 200 27236
"GET /static/images/logo.png HTTP/1.1" 404 1972
"GET /administrator/ml-models/ HTTP/1.1" 200 27080
"GET /static/images/logo.png HTTP/1.1" 404 1972
- Broken pipe from ('127.0.0.1', 63776)
"GET /administrator/ml-models/soil_moisture_predictor_random_forest_version_v0.3.1/ HTTP/1.1" 200 27236
"GET /static/images/logo.png HTTP/1.1" 404 1972
"GET /administrator/ml-models/ HTTP/1.1" 200 26386
"GET /static/images/logo.png HTTP/1.1" 404 1972
D:\ALL SEMESTERS\Year two\Year2 Recess\Final_Project\soils-sense\soilsense\settings.py changed, reloading.
Watching for file changes with StatReloader
D:\ALL SEMESTERS\Year two\Year2 Recess\Final_Project\soils-sense\soilsense\settings.py changed, reloading.
Watching for file changes with StatReloader
"GET / HTTP/1.1" 200 16070
"GET /static/images/dashboard.png HTTP/1.1" 304 0
"GET /static/images/chart.png HTTP/1.1" 304 0
D:\ALL SEMESTERS\Year two\Year2 Recess\Final_Project\soils-sense\apps\farmer\urls.py changed, reloading.
Watching for file changes with StatReloader
Watching for file changes with StatReloader
Watching for file changes with StatReloader
"GET / HTTP/1.1" 200 16070
"GET /static/images/dashboard.png HTTP/1.1" 304 0
"GET /static/images/chart.png HTTP/1.1" 304 0
"GET /static/images/ladyone.jpg HTTP/1.1" 304 0
"GET /static/images/garden2.jpg HTTP/1.1" 304 0
"GET /static/images/lady.jpg HTTP/1.1" 304 0
"GET /static/images/lady3.jpg HTTP/1.1" 304 0
"GET /authentication/login/ HTTP/1.1" 200 2899
"GET /landing_page/ HTTP/1.1" 200 16070
D:\ALL SEMESTERS\Year two\Year2 Recess\Final_Project\soils-sense\apps\farmer\endpoint.py changed, reloading.
Watching for file changes with StatReloader
"GET /landing_page/ HTTP/1.1" 200 16070
"GET /authentication/login/ HTTP/1.1" 200 2899
"POST /authentication/login/ HTTP/1.1" 302 0
"GET /administrator/ HTTP/1.1" 200 6752
"GET /authentication/logout/ HTTP/1.1" 302 0
"GET /landing_page/ HTTP/1.1" 200 16070
"GET /authentication/login/ HTTP/1.1" 200 2899
"POST /authentication/login/ HTTP/1.1" 302 0
"GET /farmer/dashboard/ HTTP/1.1" 200 25074
"GET /farmer/notifications/unread-count/ HTTP/1.1" 200 12
"GET /farmer/notifications/unread-count/ HTTP/1.1" 200 12
"GET /farmer/soil-data/ HTTP/1.1" 200 24321
"GET /farmer/notifications/unread-count/ HTTP/1.1" 200 12
"GET /farmer/predictions/ HTTP/1.1" 200 39959
"GET /farmer/notifications/unread-count/ HTTP/1.1" 200 12
"GET /farmer/predictions/download/1/ HTTP/1.1" 200 2757
"GET /farmer/predictions/download/1/ HTTP/1.1" 200 2756
"GET /farmer/notifications/unread-count/ HTTP/1.1" 200 12
- Broken pipe from ('127.0.0.1', 49525)
"GET /farmer/notifications/unread-count/ HTTP/1.1" 200 12
"GET /farmer/analytics/ HTTP/1.1" 200 21586
"GET /farmer/notifications/unread-count/ HTTP/1.1" 200 12
"GET /farmer/recommendations/ HTTP/1.1" 200 17653
"GET /farmer/notifications/unread-count/ HTTP/1.1" 200 12
"GET /farmer/notifications/unread-count/ HTTP/1.1" 200 12
"GET /authentication/logout/ HTTP/1.1" 302 0
"GET /landing_page/ HTTP/1.1" 200 16070
"GET /farmer/notifications/unread-count/ HTTP/1.1" 302 0
D:\ALL SEMESTERS\Year two\Year2 Recess\Final_Project\soils-sense\apps\administrator\templatetags\administrator.py changed, reloading.
Watching for file changes with StatReloader
"GET /authentication/login/ HTTP/1.1" 200 2899
"POST /authentication/login/ HTTP/1.1" 302 0
"GET /administrator/ HTTP/1.1" 200 16703
"GET /administrator/users/ HTTP/1.1" 200 33491
Not Found: /media/users/profiles/default.webp
"GET /media/users/profiles/default.webp HTTP/1.1" 404 4242
"GET /static/images/default.webp HTTP/1.1" 200 24145
Not Found: /media/users/profiles/default.webp
"GET /media/users/profiles/default.webp HTTP/1.1" 404 4242
"GET /administrator/ml-models/ HTTP/1.1" 200 26404
"GET /administrator/server-logs/ HTTP/1.1" 200 17408
"GET /administrator/notifications/ HTTP/1.1" 200 16240
Watching for file changes with StatReloader
"GET / HTTP/1.1" 200 16070
"GET /static/images/dashboard.png HTTP/1.1" 304 0
"GET /static/images/chart.png HTTP/1.1" 304 0
"GET /static/images/ladyone.jpg HTTP/1.1" 304 0
Not Found: /favicon.ico
"GET /favicon.ico HTTP/1.1" 404 4081
"GET /static/images/garden2.jpg HTTP/1.1" 304 0
"GET /static/images/lady.jpg HTTP/1.1" 304 0
"GET /static/images/lady3.jpg HTTP/1.1" 304 0
Watching for file changes with StatReloader
"GET / HTTP/1.1" 200 16070
"GET /static/images/dashboard.png HTTP/1.1" 304 0
"GET /static/images/chart.png HTTP/1.1" 304 0
"GET /static/images/ladyone.jpg HTTP/1.1" 304 0
Not Found: /favicon.ico
"GET /favicon.ico HTTP/1.1" 404 4081
"GET /static/images/garden2.jpg HTTP/1.1" 304 0
"GET /static/images/lady.jpg HTTP/1.1" 304 0
"GET /static/images/lady3.jpg HTTP/1.1" 304 0
"GET /authentication/login/ HTTP/1.1" 200 2899
"POST /authentication/login/ HTTP/1.1" 302 0
"GET /technician/dashboard/ HTTP/1.1" 200 26144
"GET /technician/farm-locations/ HTTP/1.1" 200 17753
"GET /technician/soil-readings/ HTTP/1.1" 200 36257
"GET /technician/sensors/ HTTP/1.1" 200 11379
"GET /technician/models/ HTTP/1.1" 200 41160
- Broken pipe from ('127.0.0.1', 51521)
- Broken pipe from ('127.0.0.1', 51618)
"GET /technician/reports/ HTTP/1.1" 200 48373
"GET /technician/profile/ HTTP/1.1" 200 19830
"GET /technician/profile/ HTTP/1.1" 200 19830
"GET /static/images/logo.webp HTTP/1.1" 200 90028
"GET /technician/profile/ HTTP/1.1" 200 19830
"GET /authentication/logout/ HTTP/1.1" 302 0
"GET /landing_page/ HTTP/1.1" 200 16070
"GET /static/images/dashboard.png HTTP/1.1" 200 73583
"GET /static/images/slide1.jpg HTTP/1.1" 200 100505
"GET /static/images/chart.png HTTP/1.1" 200 69919
"GET /static/images/ladyone.jpg HTTP/1.1" 200 911834
"GET /authentication/login/ HTTP/1.1" 200 2899
"POST /authentication/login/ HTTP/1.1" 302 0
"GET /administrator/ HTTP/1.1" 200 16711
"GET /administrator/users/ HTTP/1.1" 200 38845
Not Found: /media/users/profiles/default.webp
"GET /media/users/profiles/default.webp HTTP/1.1" 404 4242
"GET /static/images/default.webp HTTP/1.1" 200 24145
Not Found: /media/users/profiles/default.webp
"GET /media/users/profiles/default.webp HTTP/1.1" 404 4242
"GET /administrator/ml-models/ HTTP/1.1" 200 26404
"GET /administrator/server-logs/ HTTP/1.1" 200 17094
"GET /administrator/notifications/ HTTP/1.1" 200 17900
- Broken pipe from ('127.0.0.1', 51739)
"GET /administrator/notifications/ HTTP/1.1" 200 17900
"GET /administrator/ HTTP/1.1" 200 16711
"GET /administrator/notifications/ HTTP/1.1" 200 17900
"GET /administrator/ml-models/ HTTP/1.1" 200 26404
"GET /administrator/sensors/ HTTP/1.1" 200 16881
"GET /authentication/logout/ HTTP/1.1" 302 0
"GET /landing_page/ HTTP/1.1" 200 16070
"GET /authentication/login/ HTTP/1.1" 200 2899
"POST /authentication/login/ HTTP/1.1" 302 0
Forbidden (CSRF token from POST incorrect.): /authentication/login/
"POST /authentication/login/ HTTP/1.1" 403 2503
- Broken pipe from ('127.0.0.1', 51735)
"GET /authentication/login/ HTTP/1.1" 200 2899
"POST /authentication/login/ HTTP/1.1" 302 0
"GET /farmer/dashboard/ HTTP/1.1" 200 25072
"GET /farmer/notifications/unread-count/ HTTP/1.1" 200 12
"GET /farmer/analytics/ HTTP/1.1" 200 21583
"GET /farmer/notifications/unread-count/ HTTP/1.1" 200 12
"GET /farmer/analytics/ HTTP/1.1" 200 21586
"GET /farmer/notifications/unread-count/ HTTP/1.1" 200 12
"GET /farmer/notifications/unread-count/ HTTP/1.1" 200 12
"GET /farmer/analytics/ HTTP/1.1" 200 21586
"GET /farmer/notifications/unread-count/ HTTP/1.1" 200 12
Watching for file changes with StatReloader
"GET / HTTP/1.1" 200 16070
"GET /static/images/dashboard.png HTTP/1.1" 200 73583
"GET /static/images/slide1.jpg HTTP/1.1" 200 100505
"GET /static/images/chart.png HTTP/1.1" 200 69919
"GET /static/images/ladyone.jpg HTTP/1.1" 200 911834
Not Found: /favicon.ico
"GET /favicon.ico HTTP/1.1" 404 4081
"GET /static/images/garden2.jpg HTTP/1.1" 200 4417134
"GET /static/images/lady.jpg HTTP/1.1" 200 1017834
"GET /authentication/login/ HTTP/1.1" 200 2899
"GET /static/images/logo.webp HTTP/1.1" 200 90028
"GET /farmer/analytics/ HTTP/1.1" 200 21580
"GET /farmer/notifications/unread-count/ HTTP/1.1" 200 12
"POST /authentication/login/ HTTP/1.1" 302 0
"GET /farmer/dashboard/ HTTP/1.1" 200 25072
"GET /farmer/notifications/unread-count/ HTTP/1.1" 200 12
"GET /farmer/notifications/unread-count/ HTTP/1.1" 200 12
"GET /farmer/analytics/ HTTP/1.1" 200 21580
"GET /farmer/notifications/unread-count/ HTTP/1.1" 200 12
"GET /farmer/analytics/ HTTP/1.1" 200 21580
"GET /farmer/notifications/unread-count/ HTTP/1.1" 200 12
"GET /farmer/notifications/unread-count/ HTTP/1.1" 200 12
"GET /farmer/notifications/unread-count/ HTTP/1.1" 200 12
"GET /farmer/notifications/unread-count/ HTTP/1.1" 200 12
"GET /farmer/notifications/unread-count/ HTTP/1.1" 200 12
"GET /farmer/notifications/unread-count/ HTTP/1.1" 200 12
"GET /farmer/notifications/unread-count/ HTTP/1.1" 200 12
"GET /farmer/notifications/unread-count/ HTTP/1.1" 200 12
"GET /farmer/notifications/unread-count/ HTTP/1.1" 200 12
"GET /farmer/notifications/unread-count/ HTTP/1.1" 200 12
"GET /farmer/notifications/unread-count/ HTTP/1.1" 200 12
"GET /farmer/notifications/unread-count/ HTTP/1.1" 200 12
"GET /farmer/notifications/unread-count/ HTTP/1.1" 200 12
"GET /farmer/notifications/unread-count/ HTTP/1.1" 200 12
"GET /farmer/notifications/unread-count/ HTTP/1.1" 200 12
"GET /farmer/notifications/unread-count/ HTTP/1.1" 200 12
"GET /farmer/notifications/unread-count/ HTTP/1.1" 200 12
"GET /farmer/notifications/unread-count/ HTTP/1.1" 200 12
"GET /farmer/notifications/unread-count/ HTTP/1.1" 200 12
"GET /authentication/logout/ HTTP/1.1" 302 0
"GET /landing_page/ HTTP/1.1" 200 16070
"GET /static/images/slide1.jpg HTTP/1.1" 200 100505
"GET /static/images/dashboard.png HTTP/1.1" 200 73583
"GET /static/images/chart.png HTTP/1.1" 200 69919
"GET /static/images/ladyone.jpg HTTP/1.1" 200 911834
"GET /authentication/signup/ HTTP/1.1" 200 4168
"GET /static/images/logo.webp HTTP/1.1" 200 90028
"GET /farmer/notifications/unread-count/ HTTP/1.1" 302 0
"GET /authentication/login/?next=/farmer/notifications/unread-count/ HTTP/1.1" 200 2899
"GET /landing_page/ HTTP/1.1" 200 16070
"GET /authentication/login/ HTTP/1.1" 200 2899
"GET /farmer/notifications/unread-count/ HTTP/1.1" 302 0
"GET /authentication/login/?next=/farmer/notifications/unread-count/ HTTP/1.1" 200 2899
"GET /farmer/notifications/unread-count/ HTTP/1.1" 302 0
"GET /authentication/login/?next=/farmer/notifications/unread-count/ HTTP/1.1" 200 2899
"GET /farmer/notifications/unread-count/ HTTP/1.1" 302 0
"GET /authentication/login/?next=/farmer/notifications/unread-count/ HTTP/1.1" 200 2899
"GET /farmer/notifications/unread-count/ HTTP/1.1" 302 0
"GET /authentication/login/?next=/farmer/notifications/unread-count/ HTTP/1.1" 200 2899
"GET /farmer/notifications/unread-count/ HTTP/1.1" 302 0
"GET /authentication/login/?next=/farmer/notifications/unread-count/ HTTP/1.1" 200 2899
"GET /farmer/notifications/unread-count/ HTTP/1.1" 302 0
"GET /farmer/notifications/unread-count/ HTTP/1.1" 302 0
"GET /authentication/login/?next=/farmer/notifications/unread-count/ HTTP/1.1" 200 2899
"GET /authentication/login/?next=/farmer/notifications/unread-count/ HTTP/1.1" 200 2899
"POST /authentication/login/ HTTP/1.1" 302 0
Forbidden (CSRF token from POST incorrect.): /authentication/login/
"POST /authentication/login/ HTTP/1.1" 403 2503
- Broken pipe from ('127.0.0.1', 49927)
"GET /farmer/notifications/unread-count/ HTTP/1.1" 200 12
"GET /authentication/login/ HTTP/1.1" 200 2899
"POST /authentication/login/ HTTP/1.1" 302 0
"GET /farmer/dashboard/ HTTP/1.1" 200 25071
"GET /farmer/notifications/unread-count/ HTTP/1.1" 200 12
"GET /farmer/profile/ HTTP/1.1" 200 15281
"GET /farmer/notifications/unread-count/ HTTP/1.1" 200 12
"GET /authentication/logout/ HTTP/1.1" 302 0
"GET /landing_page/ HTTP/1.1" 200 16070
"GET /farmer/notifications/unread-count/ HTTP/1.1" 302 0
"GET /authentication/login/?next=/farmer/notifications/unread-count/ HTTP/1.1" 200 2899
"GET /authentication/login/ HTTP/1.1" 200 2899
"POST /authentication/login/ HTTP/1.1" 302 0
"GET /technician/dashboard/ HTTP/1.1" 200 26147
"GET /technician/profile/ HTTP/1.1" 200 19830
"GET /technician/profile/ HTTP/1.1" 200 19830
"GET /static/images/logo.webp HTTP/1.1" 200 90028
"GET /technician/profile/ HTTP/1.1" 200 19830
"GET /technician/sensors/ HTTP/1.1" 200 11379
"GET /authentication/logout/ HTTP/1.1" 302 0
"GET /landing_page/ HTTP/1.1" 200 16070
"GET /static/images/dashboard.png HTTP/1.1" 200 73583
"GET /static/images/slide1.jpg HTTP/1.1" 200 100505
"GET /technician/sensors/ HTTP/1.1" 302 0
"GET /authentication/login/?next=/technician/sensors/ HTTP/1.1" 200 2899
"POST /authentication/login/ HTTP/1.1" 302 0
"GET /technician/dashboard/ HTTP/1.1" 200 26149
"GET /authentication/logout/ HTTP/1.1" 302 0
"GET /landing_page/ HTTP/1.1" 200 16070
"GET /static/images/lady3.jpg HTTP/1.1" 200 859813
"GET /authentication/login/ HTTP/1.1" 200 2899
"POST /authentication/login/ HTTP/1.1" 302 0
"GET /technician/dashboard/ HTTP/1.1" 200 26134
"GET /authentication/logout/ HTTP/1.1" 302 0
"GET /landing_page/ HTTP/1.1" 200 19375
"GET /landing_page/ HTTP/1.1" 200 19375
"GET /landing_page/ HTTP/1.1" 200 19375
"GET /static/images/dashboard.png HTTP/1.1" 200 73583
"GET /static/images/slide1.jpg HTTP/1.1" 200 100505
"GET /static/images/chart.png HTTP/1.1" 200 69919
"GET /static/images/ladyone.jpg HTTP/1.1" 200 911834
"GET /static/images/garden2.jpg HTTP/1.1" 200 4417134
"GET /static/images/lady.jpg HTTP/1.1" 200 1017834
"GET /landing_page/ HTTP/1.1" 200 19375
"GET /authentication/login/ HTTP/1.1" 200 2899
"POST /authentication/login/ HTTP/1.1" 302 0
"GET /technician/dashboard/ HTTP/1.1" 200 26146
"GET /technician/dashboard/ HTTP/1.1" 200 26149
"GET /technician/dashboard/ HTTP/1.1" 200 26149
D:\ALL SEMESTERS\Year two\Year2 Recess\Final_Project\soils-sense\apps\administrator\views.py changed, reloading.
Watching for file changes with StatReloader
D:\ALL SEMESTERS\Year two\Year2 Recess\Final_Project\soils-sense\ml\__init__.py changed, reloading.
Watching for file changes with StatReloader
"GET /authentication/logout/ HTTP/1.1" 302 0
"GET /landing_page/ HTTP/1.1" 200 19375
"GET /authentication/login/ HTTP/1.1" 200 2899
"POST /authentication/login/ HTTP/1.1" 302 0
"GET /technician/dashboard/ HTTP/1.1" 200 26147
"GET /authentication/logout/ HTTP/1.1" 302 0
"GET /landing_page/ HTTP/1.1" 200 19375
"GET /authentication/login/ HTTP/1.1" 200 2899
"POST /authentication/login/ HTTP/1.1" 302 0
"GET /farmer/dashboard/ HTTP/1.1" 200 26680
"GET /farmer/notifications/unread-count/ HTTP/1.1" 200 12
"GET /farmer/notifications/unread-count/ HTTP/1.1" 200 12
"GET /farmer/farm-management/ HTTP/1.1" 200 34970
"GET /farmer/notifications/unread-count/ HTTP/1.1" 200 12
- Broken pipe from ('127.0.0.1', 55064)
"GET /farmer/soil-data/ HTTP/1.1" 200 25928
"GET /farmer/notifications/unread-count/ HTTP/1.1" 200 12
"GET /farmer/notifications/unread-count/ HTTP/1.1" 200 12
"GET /farmer/predictions/ HTTP/1.1" 200 41566
"GET /farmer/notifications/unread-count/ HTTP/1.1" 200 12
"GET /farmer/analytics/ HTTP/1.1" 200 23190
"GET /farmer/notifications/unread-count/ HTTP/1.1" 200 12
"GET /farmer/recommendations/ HTTP/1.1" 200 19260
"GET /farmer/notifications/unread-count/ HTTP/1.1" 200 12
"GET /farmer/notifications/unread-count/ HTTP/1.1" 200 12
"GET /farmer/notifications/unread-count/ HTTP/1.1" 200 12
"GET /farmer/notifications/unread-count/ HTTP/1.1" 200 12
"GET /farmer/notifications/unread-count/ HTTP/1.1" 200 12
"GET /farmer/notifications/unread-count/ HTTP/1.1" 200 12
"GET /farmer/notifications/unread-count/ HTTP/1.1" 200 12
"GET /farmer/notifications/unread-count/ HTTP/1.1" 200 12
"GET /authentication/logout/ HTTP/1.1" 302 0
"GET /landing_page/ HTTP/1.1" 200 19375
"GET /authentication/login/ HTTP/1.1" 200 2899
"POST /authentication/login/ HTTP/1.1" 302 0
"GET /administrator/ HTTP/1.1" 200 16715
"GET /administrator/ HTTP/1.1" 200 16715
"GET /administrator/users/ HTTP/1.1" 200 38845
Not Found: /media/users/profiles/default.webp
"GET /media/users/profiles/default.webp HTTP/1.1" 404 4242
Not Found: /media/users/profiles/default.webp
"GET /media/users/profiles/default.webp HTTP/1.1" 404 4242
"GET /static/images/default.webp HTTP/1.1" 200 24145
"GET /administrator/ml-models/ HTTP/1.1" 200 26420
"GET /administrator/ml-models/irrigation_recommendation/?algorithm=gradient_boosting HTTP/1.1" 200 25824
"POST /administrator/ml-models/irrigation_recommendation/?algorithm=gradient_boosting HTTP/1.1" 302 0
"GET /administrator/ml-models/irrigation_recommendation/?algorithm=gradient_boosting&version=None&predicted_value=Reduce%20Irrigation HTTP/1.1" 200 26339
"GET /administrator/ml-models/ HTTP/1.1" 200 27115
"GET /administrator/ml-models/soil_moisture_predictor_random_forest_version_v0.3.1/ HTTP/1.1" 200 28956
"GET /administrator/users/ HTTP/1.1" 200 38845
Not Found: /media/users/profiles/default.webp
"GET /media/users/profiles/default.webp HTTP/1.1" 404 4242
Not Found: /media/users/profiles/default.webp
"GET /media/users/profiles/default.webp HTTP/1.1" 404 4242
"GET /administrator/ml-models/ HTTP/1.1" 200 26420
"GET /administrator/ml-models/irrigation_recommendation/?algorithm=gradient_boosting HTTP/1.1" 200 25824
"GET /administrator/ml-models/irrigation_recommendation/?algorithm=logistic_regression HTTP/1.1" 200 25830
Watching for file changes with StatReloader
